Using pre-set license
Built from '2021.3/staging' branch; Version is '2021.3.1f1 (3b70a0754835) revision 3895456'; Using compiler version '192829333'; Build Type 'Release'
OS: 'Windows 11  (10.0.22000) 64bit Professional' Language: 'en' Physical Memory: 16298 MB
BatchMode: 1, IsHumanControllingUs: 0, StartBugReporterOnCrash: 0, Is64bit: 1, IsPro: 1

COMMAND LINE ARGUMENTS:
C:\Program Files\Unity\Hub\Editor\2021.3.1f1\Editor\Unity.exe
-adb2
-batchMode
-noUpm
-name
AssetImportWorker2
-projectPath
D:/worksapce/CognitiveBiasGame
-logFile
Logs/AssetImportWorker2.log
-srvPort
56501
Successfully changed project path to: D:/worksapce/CognitiveBiasGame
D:/worksapce/CognitiveBiasGame
[UnityMemory] Configuration Parameters - Can be set up in boot.config
    "memorysetup-bucket-allocator-granularity=16"
    "memorysetup-bucket-allocator-bucket-count=8"
    "memorysetup-bucket-allocator-block-size=33554432"
    "memorysetup-bucket-allocator-block-count=8"
    "memorysetup-main-allocator-block-size=16777216"
    "memorysetup-thread-allocator-block-size=16777216"
    "memorysetup-gfx-main-allocator-block-size=16777216"
    "memorysetup-gfx-thread-allocator-block-size=16777216"
    "memorysetup-cache-allocator-block-size=4194304"
    "memorysetup-typetree-allocator-block-size=2097152"
    "memorysetup-profiler-bucket-allocator-granularity=16"
    "memorysetup-profiler-bucket-allocator-bucket-count=8"
    "memorysetup-profiler-bucket-allocator-block-size=33554432"
    "memorysetup-profiler-bucket-allocator-block-count=8"
    "memorysetup-profiler-allocator-block-size=16777216"
    "memorysetup-profiler-editor-allocator-block-size=1048576"
    "memorysetup-temp-allocator-size-main=16777216"
    "memorysetup-job-temp-allocator-block-size=2097152"
    "memorysetup-job-temp-allocator-block-size-background=1048576"
    "memorysetup-job-temp-allocator-reduction-small-platforms=262144"
    "memorysetup-temp-allocator-size-background-worker=32768"
    "memorysetup-temp-allocator-size-job-worker=262144"
    "memorysetup-temp-allocator-size-preload-manager=33554432"
    "memorysetup-temp-allocator-size-nav-mesh-worker=65536"
    "memorysetup-temp-allocator-size-audio-worker=65536"
    "memorysetup-temp-allocator-size-cloud-worker=32768"
    "memorysetup-temp-allocator-size-gi-baking-worker=262144"
    "memorysetup-temp-allocator-size-gfx=262144"
Refreshing native plugins compatible for Editor in 110.49 ms, found 3 plugins.
Preloading 0 native plugins for Editor in 0.00 ms.
Initialize engine version: 2021.3.1f1 (3b70a0754835)
[Subsystems] Discovering subsystems at path C:/Program Files/Unity/Hub/Editor/2021.3.1f1/Editor/Data/Resources/UnitySubsystems
[Subsystems] Discovering subsystems at path D:/worksapce/CognitiveBiasGame/Assets
GfxDevice: creating device client; threaded=0; jobified=0
Direct3D:
    Version:  Direct3D 11.0 [level 11.1]
    Renderer: NVIDIA GeForce RTX 3080 (ID=0x2206)
    Vendor:   NVIDIA
    VRAM:     10078 MB
    Driver:   30.0.14.9649
Initialize mono
Mono path[0] = 'C:/Program Files/Unity/Hub/Editor/2021.3.1f1/Editor/Data/Managed'
Mono path[1] = 'C:/Program Files/Unity/Hub/Editor/2021.3.1f1/Editor/Data/MonoBleedingEdge/lib/mono/unityjit-win32'
Mono config path = 'C:/Program Files/Unity/Hub/Editor/2021.3.1f1/Editor/Data/MonoBleedingEdge/etc'
Using monoOptions --debugger-agent=transport=dt_socket,embedding=1,server=y,suspend=n,address=127.0.0.1:56660
Begin MonoManager ReloadAssembly
Registering precompiled unity dll's ...
Register platform support module: C:/Program Files/Unity/Hub/Editor/2021.3.1f1/Editor/Data/PlaybackEngines/WebGLSupport/UnityEditor.WebGL.Extensions.dll
Register platform support module: C:/Program Files/Unity/Hub/Editor/2021.3.1f1/Editor/Data/PlaybackEngines/WindowsStandaloneSupport/UnityEditor.WindowsStandalone.Extensions.dll
Registered in 0.003781 seconds.
Native extension for WindowsStandalone target not found
Native extension for WebGL target not found
Refreshing native plugins compatible for Editor in 74.81 ms, found 3 plugins.
Preloading 0 native plugins for Editor in 0.00 ms.
Mono: successfully reloaded assembly
- Completed reload, in  0.511 seconds
Domain Reload Profiling:
	ReloadAssembly (512ms)
		BeginReloadAssembly (74ms)
			ExecutionOrderSort (0ms)
			DisableScriptedObjects (0ms)
			BackupInstance (0ms)
			ReleaseScriptingObjects (0ms)
			CreateAndSetChildDomain (1ms)
		EndReloadAssembly (336ms)
			LoadAssemblies (72ms)
			RebuildTransferFunctionScriptingTraits (0ms)
			SetupTypeCache (68ms)
			ReleaseScriptCaches (0ms)
			RebuildScriptCaches (18ms)
			SetupLoadedEditorAssemblies (214ms)
				LogAssemblyErrors (0ms)
				InitializePlatformSupportModulesInManaged (6ms)
				SetLoadedEditorAssemblies (0ms)
				RefreshPlugins (75ms)
				BeforeProcessingInitializeOnLoad (1ms)
				ProcessInitializeOnLoadAttributes (101ms)
				ProcessInitializeOnLoadMethodAttributes (31ms)
				AfterProcessingInitializeOnLoad (0ms)
				EditorAssembliesLoaded (0ms)
			ExecutionOrderSort2 (0ms)
			AwakeInstancesAfterBackupRestoration (0ms)
Platform modules already initialized, skipping
Registering precompiled user dll's ...
Registered in 0.002012 seconds.
Begin MonoManager ReloadAssembly
Symbol file LoadedFromMemory doesn't match image D:\worksapce\CognitiveBiasGame\Library\PackageCache\com.unity.visualscripting@1.7.6\Editor\VisualScripting.Core\Dependencies\YamlDotNet\Unity.VisualScripting.YamlDotNet.dll
Symbol file LoadedFromMemory is not a mono symbol file
Symbol file LoadedFromMemory doesn't match image D:\worksapce\CognitiveBiasGame\Library\PackageCache\com.unity.visualscripting@1.7.6\Editor\VisualScripting.Core\Dependencies\DotNetZip\Unity.VisualScripting.IonicZip.dll
Native extension for WindowsStandalone target not found
Native extension for WebGL target not found
Refreshing native plugins compatible for Editor in 1.62 ms, found 3 plugins.
Preloading 0 native plugins for Editor in 0.00 ms.
Mono: successfully reloaded assembly
- Completed reload, in  0.761 seconds
Domain Reload Profiling:
	ReloadAssembly (762ms)
		BeginReloadAssembly (82ms)
			ExecutionOrderSort (0ms)
			DisableScriptedObjects (4ms)
			BackupInstance (0ms)
			ReleaseScriptingObjects (0ms)
			CreateAndSetChildDomain (17ms)
		EndReloadAssembly (589ms)
			LoadAssemblies (68ms)
			RebuildTransferFunctionScriptingTraits (0ms)
			SetupTypeCache (175ms)
			ReleaseScriptCaches (1ms)
			RebuildScriptCaches (40ms)
			SetupLoadedEditorAssemblies (274ms)
				LogAssemblyErrors (0ms)
				InitializePlatformSupportModulesInManaged (7ms)
				SetLoadedEditorAssemblies (0ms)
				RefreshPlugins (2ms)
				BeforeProcessingInitializeOnLoad (63ms)
				ProcessInitializeOnLoadAttributes (182ms)
				ProcessInitializeOnLoadMethodAttributes (16ms)
				AfterProcessingInitializeOnLoad (5ms)
				EditorAssembliesLoaded (0ms)
			ExecutionOrderSort2 (0ms)
			AwakeInstancesAfterBackupRestoration (4ms)
Platform modules already initialized, skipping
========================================================================
Worker process is ready to serve import requests
Launched and connected shader compiler UnityShaderCompiler.exe after 0.03 seconds
Refreshing native plugins compatible for Editor in 0.97 ms, found 3 plugins.
Preloading 0 native plugins for Editor in 0.00 ms.
Unloading 3789 Unused Serialized files (Serialized files now loaded: 0)
Unloading 26 unused Assets / (0.5 MB). Loaded Objects now: 4289.
Memory consumption went from 164.8 MB to 164.3 MB.
Total: 2.933600 ms (FindLiveObjects: 0.295600 ms CreateObjectMapping: 0.088700 ms MarkObjects: 2.290500 ms  DeleteObjects: 0.258300 ms)

AssetImportParameters requested are different than current active one (requested -> active):
  custom:video-decoder-ogg-theora: a1e56fd34408186e4bbccfd4996cb3dc -> 
  custom:container-muxer-webm: aa71ff27fc2769a1b78a27578f13a17b -> 
  custom:container-demuxer-webm: 4f35f7cbe854078d1ac9338744f61a02 -> 
  custom:video-encoder-webm-vp8: eb34c28f22e8b96e1ab97ce403110664 -> 
  custom:audio-encoder-webm-vorbis: bf7c407c2cedff20999df2af8eb42d56 -> 
  custom:framework-win-MediaFoundation: 216162199b28c13a410421893ffa2e32 -> 
  custom:container-demuxer-ogg: 62fdf1f143b41e24485cea50d1cbac27 -> 
  custom:video-decoder-webm-vp8: 9c59270c3fd7afecdb556c50c9e8de78 -> 
  custom:audio-decoder-ogg-vorbis: bf7c407c2cedff20999df2af8eb42d56 -> 
========================================================================
Received Import Request.
  Time since last request: 35743.567455 seconds.
  path: Assets/Urban American Assets/Props/Vehicles B/Traffic B - BigSedan 1.prefab
  artifactKey: Guid(e74fd2289406d214c9e094e2f913deb9) Importer(815301076,1909f56bfc062723c751e8b465ee728b)
Start importing Assets/Urban American Assets/Props/Vehicles B/Traffic B - BigSedan 1.prefab using Guid(e74fd2289406d214c9e094e2f913deb9) Importer(815301076,1909f56bfc062723c751e8b465ee728b)  -> (artifact id: 'b2911df16cc1ed887bc979f7f49b81c4') in 0.146588 seconds 
========================================================================
Received Import Request.
  Time since last request: 0.000020 seconds.
  path: Assets/Urban American Assets/Props/Vehicles B/Traffic B - MidSedan.prefab
  artifactKey: Guid(ac9b34f61c042ed45b9d4c7da1e4cd93) Importer(815301076,1909f56bfc062723c751e8b465ee728b)
Start importing Assets/Urban American Assets/Props/Vehicles B/Traffic B - MidSedan.prefab using Guid(ac9b34f61c042ed45b9d4c7da1e4cd93) Importer(815301076,1909f56bfc062723c751e8b465ee728b)  -> (artifact id: '63c3229e711598079abd203fda302fcd') in 0.015807 seconds 
========================================================================
Received Import Request.
  Time since last request: 0.000018 seconds.
  path: Assets/Urban American Assets/Props/Vehicles B/Traffic B - BigSedan 3.prefab
  artifactKey: Guid(8eee684eb534b2645b57fd47fff1dbbb) Importer(815301076,1909f56bfc062723c751e8b465ee728b)
Start importing Assets/Urban American Assets/Props/Vehicles B/Traffic B - BigSedan 3.prefab using Guid(8eee684eb534b2645b57fd47fff1dbbb) Importer(815301076,1909f56bfc062723c751e8b465ee728b)  -> (artifact id: '68d9e50a9954772570980eb1890764cf') in 0.010695 seconds 
========================================================================
Received Import Request.
  Time since last request: 0.000018 seconds.
  path: Assets/Urban American Assets/Props/Vehicles B/Traffic B - MidSedan 1.prefab
  artifactKey: Guid(b197f5263aa27fe488ecd6fa7f97039b) Importer(815301076,1909f56bfc062723c751e8b465ee728b)
Start importing Assets/Urban American Assets/Props/Vehicles B/Traffic B - MidSedan 1.prefab using Guid(b197f5263aa27fe488ecd6fa7f97039b) Importer(815301076,1909f56bfc062723c751e8b465ee728b)  -> (artifact id: 'dd393f68f24df34800d8fcb75b0292f2') in 0.012986 seconds 
========================================================================
Received Import Request.
  Time since last request: 0.000018 seconds.
  path: Assets/Urban American Assets/Props/Vehicles B/Traffic B - OldSedan 4.prefab
  artifactKey: Guid(4f190f3c667e18740967f7785eaabab6) Importer(815301076,1909f56bfc062723c751e8b465ee728b)
Start importing Assets/Urban American Assets/Props/Vehicles B/Traffic B - OldSedan 4.prefab using Guid(4f190f3c667e18740967f7785eaabab6) Importer(815301076,1909f56bfc062723c751e8b465ee728b)  -> (artifact id: '51263ba385f1503347cf2ba203327839') in 0.010077 seconds 
========================================================================
Received Import Request.
  Time since last request: 0.000014 seconds.
  path: Assets/Urban American Assets/Props/Vehicles B/Traffic B - OldSedan.prefab
  artifactKey: Guid(4f3b46d22459b2c468546b901f2a489d) Importer(815301076,1909f56bfc062723c751e8b465ee728b)
Start importing Assets/Urban American Assets/Props/Vehicles B/Traffic B - OldSedan.prefab using Guid(4f3b46d22459b2c468546b901f2a489d) Importer(815301076,1909f56bfc062723c751e8b465ee728b)  -> (artifact id: '9a0ad1b4752d1ba6b350f05e327644a0') in 0.010073 seconds 
========================================================================
Received Import Request.
  Time since last request: 0.000014 seconds.
  path: Assets/Urban American Assets/Props/Vehicles B/Traffic B - OldWagon 2.prefab
  artifactKey: Guid(554fc4683233ce6458730fcb664c091b) Importer(815301076,1909f56bfc062723c751e8b465ee728b)
Start importing Assets/Urban American Assets/Props/Vehicles B/Traffic B - OldWagon 2.prefab using Guid(554fc4683233ce6458730fcb664c091b) Importer(815301076,1909f56bfc062723c751e8b465ee728b)  -> (artifact id: '2ad64a1a3ba70c30029e275ad15233d7') in 0.009765 seconds 
========================================================================
Received Import Request.
  Time since last request: 0.000014 seconds.
  path: Assets/Urban American Assets/Props/Vehicles B/Traffic B - OldWagon 3.prefab
  artifactKey: Guid(bb1b39381246d6540b408974d9159e6a) Importer(815301076,1909f56bfc062723c751e8b465ee728b)
Start importing Assets/Urban American Assets/Props/Vehicles B/Traffic B - OldWagon 3.prefab using Guid(bb1b39381246d6540b408974d9159e6a) Importer(815301076,1909f56bfc062723c751e8b465ee728b)  -> (artifact id: 'c14fa7383caa90c0f4d0d9919d2c0f2f') in 0.009192 seconds 
========================================================================
Received Import Request.
  Time since last request: 0.000014 seconds.
  path: Assets/Urban American Assets/Props/Vehicles B/Traffic B - BigSedan.prefab
  artifactKey: Guid(2e5efb68ad2afcd45ba8f0193e8b58e7) Importer(815301076,1909f56bfc062723c751e8b465ee728b)
Start importing Assets/Urban American Assets/Props/Vehicles B/Traffic B - BigSedan.prefab using Guid(2e5efb68ad2afcd45ba8f0193e8b58e7) Importer(815301076,1909f56bfc062723c751e8b465ee728b)  -> (artifact id: 'af92b9febb0b82f9b4121856f59c18b8') in 0.009665 seconds 
========================================================================
Received Import Request.
  Time since last request: 0.000013 seconds.
  path: Assets/Urban American Assets/Props/Vehicles B/Traffic B - OldWagon.prefab
  artifactKey: Guid(2c59bc70b9da308469dadbcdbb1bacc7) Importer(815301076,1909f56bfc062723c751e8b465ee728b)
Start importing Assets/Urban American Assets/Props/Vehicles B/Traffic B - OldWagon.prefab using Guid(2c59bc70b9da308469dadbcdbb1bacc7) Importer(815301076,1909f56bfc062723c751e8b465ee728b)  -> (artifact id: '6bd331b4535a3391b781ad5083b79d35') in 0.044059 seconds 
========================================================================
Received Import Request.
  Time since last request: 0.000016 seconds.
  path: Assets/Urban American Assets/Props/Vehicles B/Traffic B - MidSedan 4.prefab
  artifactKey: Guid(540a37f296791904c987c7ffb747ae2d) Importer(815301076,1909f56bfc062723c751e8b465ee728b)
Start importing Assets/Urban American Assets/Props/Vehicles B/Traffic B - MidSedan 4.prefab using Guid(540a37f296791904c987c7ffb747ae2d) Importer(815301076,1909f56bfc062723c751e8b465ee728b)  -> (artifact id: '89053568ce9ab77281f634da28c03467') in 0.010821 seconds 
========================================================================
Received Import Request.
  Time since last request: 0.000015 seconds.
  path: Assets/Urban American Assets/Props/Vehicles B/Traffic B - Taxi 1.prefab
  artifactKey: Guid(83108cda3d32edb4880d9e49bc847c9e) Importer(815301076,1909f56bfc062723c751e8b465ee728b)
Start importing Assets/Urban American Assets/Props/Vehicles B/Traffic B - Taxi 1.prefab using Guid(83108cda3d32edb4880d9e49bc847c9e) Importer(815301076,1909f56bfc062723c751e8b465ee728b)  -> (artifact id: '2e30195e645b6fbc78683c0afcd42938') in 0.009435 seconds 
========================================================================
Received Import Request.
  Time since last request: 0.000014 seconds.
  path: Assets/Urban American Assets/Props/Vehicles B/Traffic B - Taxi 3.prefab
  artifactKey: Guid(1c1554d784ee185448c6c3699c5248ad) Importer(815301076,1909f56bfc062723c751e8b465ee728b)
Start importing Assets/Urban American Assets/Props/Vehicles B/Traffic B - Taxi 3.prefab using Guid(1c1554d784ee185448c6c3699c5248ad) Importer(815301076,1909f56bfc062723c751e8b465ee728b)  -> (artifact id: '93399421874a4c741e28a078e2d04d7b') in 0.010821 seconds 
========================================================================
Received Import Request.
  Time since last request: 0.001383 seconds.
  path: Assets/Urban American Assets/Props/Vehicles B/Traffic B - Taxi.prefab
  artifactKey: Guid(876e3e4790d7eba42a6728d777e1a9cf) Importer(815301076,1909f56bfc062723c751e8b465ee728b)
Start importing Assets/Urban American Assets/Props/Vehicles B/Traffic B - Taxi.prefab using Guid(876e3e4790d7eba42a6728d777e1a9cf) Importer(815301076,1909f56bfc062723c751e8b465ee728b)  -> (artifact id: '56689b1a8d321c184580b9f09b5c94d8') in 0.017117 seconds 
========================================================================
Received Import Request.
  Time since last request: 0.000016 seconds.
  path: Assets/Urban American Assets/Props/Vehicles B/Traffic B - Van.prefab
  artifactKey: Guid(3da7295d3f87e2f44ab5868a6b9e3303) Importer(815301076,1909f56bfc062723c751e8b465ee728b)
Start importing Assets/Urban American Assets/Props/Vehicles B/Traffic B - Van.prefab using Guid(3da7295d3f87e2f44ab5868a6b9e3303) Importer(815301076,1909f56bfc062723c751e8b465ee728b)  -> (artifact id: '32d84f73a677e44791bfaf42e7fae2e7') in 0.020140 seconds 
========================================================================
Received Import Request.
  Time since last request: 3.035591 seconds.
  path: Assets/Urban American Assets/Props/Vehicles/Car1.prefab
  artifactKey: Guid(0c015dbff2c36e94089df72dedec0b0e) Importer(815301076,1909f56bfc062723c751e8b465ee728b)
Start importing Assets/Urban American Assets/Props/Vehicles/Car1.prefab using Guid(0c015dbff2c36e94089df72dedec0b0e) Importer(815301076,1909f56bfc062723c751e8b465ee728b)  -> (artifact id: '2b0b325624c1d1794c45c9e9e934ca6b') in 0.597585 seconds 
========================================================================
Received Import Request.
  Time since last request: 0.000015 seconds.
  path: Assets/Urban American Assets/Props/Vehicles/Police Car.prefab
  artifactKey: Guid(38578129bfa01a24e8383820c8fb1613) Importer(815301076,1909f56bfc062723c751e8b465ee728b)
Start importing Assets/Urban American Assets/Props/Vehicles/Police Car.prefab using Guid(38578129bfa01a24e8383820c8fb1613) Importer(815301076,1909f56bfc062723c751e8b465ee728b)  -> (artifact id: 'e1a686ac72dbd97326855ede006a3bd3') in 0.008891 seconds 
========================================================================
Received Import Request.
  Time since last request: 0.019871 seconds.
  path: Assets/Urban American Assets/Props/Vehicles/Taxi B.prefab
  artifactKey: Guid(870974ec79eb7ea4582831b4a98b968e) Importer(815301076,1909f56bfc062723c751e8b465ee728b)
Start importing Assets/Urban American Assets/Props/Vehicles/Taxi B.prefab using Guid(870974ec79eb7ea4582831b4a98b968e) Importer(815301076,1909f56bfc062723c751e8b465ee728b)  -> (artifact id: '60f2f5acf8548e986f7cb63459b3f8d1') in 0.070648 seconds 
========================================================================
Received Import Request.
  Time since last request: 0.007961 seconds.
  path: Assets/Urban American Assets/Props/Vehicles/Wagon.prefab
  artifactKey: Guid(4af1320c0a6a7c247927f3b1b0e1f0be) Importer(815301076,1909f56bfc062723c751e8b465ee728b)
Start importing Assets/Urban American Assets/Props/Vehicles/Wagon.prefab using Guid(4af1320c0a6a7c247927f3b1b0e1f0be) Importer(815301076,1909f56bfc062723c751e8b465ee728b)  -> (artifact id: 'ea2dbdf2e202a5047f99724c5f3ca36c') in 0.053056 seconds 
========================================================================
Received Import Request.
  Time since last request: 6.973733 seconds.
  path: Assets/WorldSkies/Textures/Down_Tex.png
  artifactKey: Guid(2873690125247d64b86e7f5be5dacdd5) Importer(815301076,1909f56bfc062723c751e8b465ee728b)
Start importing Assets/WorldSkies/Textures/Down_Tex.png using Guid(2873690125247d64b86e7f5be5dacdd5) Importer(815301076,1909f56bfc062723c751e8b465ee728b)  -> (artifact id: 'eae4cbbf0b3f27b753f22885168ce4d7') in 0.025579 seconds 
========================================================================
Received Import Request.
  Time since last request: 0.000024 seconds.
  path: Assets/WorldSkies/Textures/Up_Tex.png
  artifactKey: Guid(68210b160be204e44b2243ddb641c50a) Importer(815301076,1909f56bfc062723c751e8b465ee728b)
Start importing Assets/WorldSkies/Textures/Up_Tex.png using Guid(68210b160be204e44b2243ddb641c50a) Importer(815301076,1909f56bfc062723c751e8b465ee728b)  -> (artifact id: 'f274dc98c371d9e6525f5b66f7d3cf84') in 0.024708 seconds 
