Using pre-set license
Built from '2021.3/staging' branch; Version is '2021.3.1f1 (3b70a0754835) revision 3895456'; Using compiler version '192829333'; Build Type 'Release'
OS: 'Windows 11  (10.0.22000) 64bit Professional' Language: 'en' Physical Memory: 16298 MB
BatchMode: 1, IsHumanControllingUs: 0, StartBugReporterOnCrash: 0, Is64bit: 1, IsPro: 1

COMMAND LINE ARGUMENTS:
C:\Program Files\Unity\Hub\Editor\2021.3.1f1\Editor\Unity.exe
-adb2
-batchMode
-noUpm
-name
AssetImportWorker5
-projectPath
D:/worksapce/CognitiveBiasGame
-logFile
Logs/AssetImportWorker5.log
-srvPort
57719
Successfully changed project path to: D:/worksapce/CognitiveBiasGame
D:/worksapce/CognitiveBiasGame
[UnityMemory] Configuration Parameters - Can be set up in boot.config
    "memorysetup-bucket-allocator-granularity=16"
    "memorysetup-bucket-allocator-bucket-count=8"
    "memorysetup-bucket-allocator-block-size=33554432"
    "memorysetup-bucket-allocator-block-count=8"
    "memorysetup-main-allocator-block-size=16777216"
    "memorysetup-thread-allocator-block-size=16777216"
    "memorysetup-gfx-main-allocator-block-size=16777216"
    "memorysetup-gfx-thread-allocator-block-size=16777216"
    "memorysetup-cache-allocator-block-size=4194304"
    "memorysetup-typetree-allocator-block-size=2097152"
    "memorysetup-profiler-bucket-allocator-granularity=16"
    "memorysetup-profiler-bucket-allocator-bucket-count=8"
    "memorysetup-profiler-bucket-allocator-block-size=33554432"
    "memorysetup-profiler-bucket-allocator-block-count=8"
    "memorysetup-profiler-allocator-block-size=16777216"
    "memorysetup-profiler-editor-allocator-block-size=1048576"
    "memorysetup-temp-allocator-size-main=16777216"
    "memorysetup-job-temp-allocator-block-size=2097152"
    "memorysetup-job-temp-allocator-block-size-background=1048576"
    "memorysetup-job-temp-allocator-reduction-small-platforms=262144"
    "memorysetup-temp-allocator-size-background-worker=32768"
    "memorysetup-temp-allocator-size-job-worker=262144"
    "memorysetup-temp-allocator-size-preload-manager=33554432"
    "memorysetup-temp-allocator-size-nav-mesh-worker=65536"
    "memorysetup-temp-allocator-size-audio-worker=65536"
    "memorysetup-temp-allocator-size-cloud-worker=32768"
    "memorysetup-temp-allocator-size-gi-baking-worker=262144"
    "memorysetup-temp-allocator-size-gfx=262144"
Refreshing native plugins compatible for Editor in 89.15 ms, found 3 plugins.
Preloading 0 native plugins for Editor in 0.00 ms.
Initialize engine version: 2021.3.1f1 (3b70a0754835)
[Subsystems] Discovering subsystems at path C:/Program Files/Unity/Hub/Editor/2021.3.1f1/Editor/Data/Resources/UnitySubsystems
[Subsystems] Discovering subsystems at path D:/worksapce/CognitiveBiasGame/Assets
GfxDevice: creating device client; threaded=0; jobified=0
Direct3D:
    Version:  Direct3D 11.0 [level 11.1]
    Renderer: NVIDIA GeForce RTX 3080 (ID=0x2206)
    Vendor:   NVIDIA
    VRAM:     10078 MB
    Driver:   30.0.14.9649
Initialize mono
Mono path[0] = 'C:/Program Files/Unity/Hub/Editor/2021.3.1f1/Editor/Data/Managed'
Mono path[1] = 'C:/Program Files/Unity/Hub/Editor/2021.3.1f1/Editor/Data/MonoBleedingEdge/lib/mono/unityjit-win32'
Mono config path = 'C:/Program Files/Unity/Hub/Editor/2021.3.1f1/Editor/Data/MonoBleedingEdge/etc'
Using monoOptions --debugger-agent=transport=dt_socket,embedding=1,server=y,suspend=n,address=127.0.0.1:56104
Begin MonoManager ReloadAssembly
Registering precompiled unity dll's ...
Register platform support module: C:/Program Files/Unity/Hub/Editor/2021.3.1f1/Editor/Data/PlaybackEngines/WebGLSupport/UnityEditor.WebGL.Extensions.dll
Register platform support module: C:/Program Files/Unity/Hub/Editor/2021.3.1f1/Editor/Data/PlaybackEngines/WindowsStandaloneSupport/UnityEditor.WindowsStandalone.Extensions.dll
Registered in 0.004618 seconds.
Native extension for WindowsStandalone target not found
Native extension for WebGL target not found
Refreshing native plugins compatible for Editor in 75.66 ms, found 3 plugins.
Preloading 0 native plugins for Editor in 0.00 ms.
Mono: successfully reloaded assembly
- Completed reload, in  0.560 seconds
Domain Reload Profiling:
	ReloadAssembly (560ms)
		BeginReloadAssembly (56ms)
			ExecutionOrderSort (0ms)
			DisableScriptedObjects (0ms)
			BackupInstance (0ms)
			ReleaseScriptingObjects (0ms)
			CreateAndSetChildDomain (1ms)
		EndReloadAssembly (398ms)
			LoadAssemblies (55ms)
			RebuildTransferFunctionScriptingTraits (0ms)
			SetupTypeCache (97ms)
			ReleaseScriptCaches (0ms)
			RebuildScriptCaches (22ms)
			SetupLoadedEditorAssemblies (235ms)
				LogAssemblyErrors (0ms)
				InitializePlatformSupportModulesInManaged (7ms)
				SetLoadedEditorAssemblies (0ms)
				RefreshPlugins (76ms)
				BeforeProcessingInitializeOnLoad (1ms)
				ProcessInitializeOnLoadAttributes (114ms)
				ProcessInitializeOnLoadMethodAttributes (38ms)
				AfterProcessingInitializeOnLoad (0ms)
				EditorAssembliesLoaded (0ms)
			ExecutionOrderSort2 (0ms)
			AwakeInstancesAfterBackupRestoration (0ms)
Platform modules already initialized, skipping
Registering precompiled user dll's ...
Registered in 0.001904 seconds.
Begin MonoManager ReloadAssembly
Symbol file LoadedFromMemory doesn't match image D:\worksapce\CognitiveBiasGame\Library\PackageCache\com.unity.visualscripting@1.7.6\Editor\VisualScripting.Core\Dependencies\YamlDotNet\Unity.VisualScripting.YamlDotNet.dll
Symbol file LoadedFromMemory is not a mono symbol file
Symbol file LoadedFromMemory doesn't match image D:\worksapce\CognitiveBiasGame\Library\PackageCache\com.unity.visualscripting@1.7.6\Editor\VisualScripting.Core\Dependencies\DotNetZip\Unity.VisualScripting.IonicZip.dll
Native extension for WindowsStandalone target not found
Native extension for WebGL target not found
Refreshing native plugins compatible for Editor in 1.14 ms, found 3 plugins.
Preloading 0 native plugins for Editor in 0.00 ms.
Mono: successfully reloaded assembly
- Completed reload, in  0.850 seconds
Domain Reload Profiling:
	ReloadAssembly (851ms)
		BeginReloadAssembly (87ms)
			ExecutionOrderSort (0ms)
			DisableScriptedObjects (4ms)
			BackupInstance (0ms)
			ReleaseScriptingObjects (0ms)
			CreateAndSetChildDomain (17ms)
		EndReloadAssembly (683ms)
			LoadAssemblies (83ms)
			RebuildTransferFunctionScriptingTraits (0ms)
			SetupTypeCache (187ms)
			ReleaseScriptCaches (1ms)
			RebuildScriptCaches (58ms)
			SetupLoadedEditorAssemblies (320ms)
				LogAssemblyErrors (0ms)
				InitializePlatformSupportModulesInManaged (5ms)
				SetLoadedEditorAssemblies (0ms)
				RefreshPlugins (1ms)
				BeforeProcessingInitializeOnLoad (68ms)
				ProcessInitializeOnLoadAttributes (217ms)
				ProcessInitializeOnLoadMethodAttributes (22ms)
				AfterProcessingInitializeOnLoad (6ms)
				EditorAssembliesLoaded (0ms)
			ExecutionOrderSort2 (0ms)
			AwakeInstancesAfterBackupRestoration (6ms)
Platform modules already initialized, skipping
========================================================================
Worker process is ready to serve import requests
Launched and connected shader compiler UnityShaderCompiler.exe after 0.04 seconds
Refreshing native plugins compatible for Editor in 0.82 ms, found 3 plugins.
Preloading 0 native plugins for Editor in 0.00 ms.
Unloading 3604 Unused Serialized files (Serialized files now loaded: 0)
Unloading 24 unused Assets / (57.5 MB). Loaded Objects now: 4090.
Memory consumption went from 149.0 MB to 91.4 MB.
Total: 5.604200 ms (FindLiveObjects: 0.319200 ms CreateObjectMapping: 0.213100 ms MarkObjects: 4.908000 ms  DeleteObjects: 0.162900 ms)

AssetImportParameters requested are different than current active one (requested -> active):
  custom:video-decoder-ogg-theora: a1e56fd34408186e4bbccfd4996cb3dc -> 
  custom:container-muxer-webm: aa71ff27fc2769a1b78a27578f13a17b -> 
  custom:container-demuxer-webm: 4f35f7cbe854078d1ac9338744f61a02 -> 
  custom:video-encoder-webm-vp8: eb34c28f22e8b96e1ab97ce403110664 -> 
  custom:audio-encoder-webm-vorbis: bf7c407c2cedff20999df2af8eb42d56 -> 
  custom:framework-win-MediaFoundation: 216162199b28c13a410421893ffa2e32 -> 
  custom:container-demuxer-ogg: 62fdf1f143b41e24485cea50d1cbac27 -> 
  custom:video-decoder-webm-vp8: 9c59270c3fd7afecdb556c50c9e8de78 -> 
  custom:audio-decoder-ogg-vorbis: bf7c407c2cedff20999df2af8eb42d56 -> 
========================================================================
Received Import Request.
  Time since last request: 793053.497322 seconds.
  path: Assets/Imports/RPG_FPS_game_assets_industrial/Roads/Road_sets/Road_set_v1/Road_set_v1_b_floor.prefab
  artifactKey: Guid(d803e729730d97a4e89edf13b602b3f4) Importer(815301076,1909f56bfc062723c751e8b465ee728b)
Start importing Assets/Imports/RPG_FPS_game_assets_industrial/Roads/Road_sets/Road_set_v1/Road_set_v1_b_floor.prefab using Guid(d803e729730d97a4e89edf13b602b3f4) Importer(815301076,1909f56bfc062723c751e8b465ee728b)  -> (artifact id: 'b6dfeea3d9859d9ad1c849243616a930') in 0.181430 seconds 
========================================================================
Received Import Request.
  Time since last request: 166.400719 seconds.
  path: Assets/Imports/RPG_FPS_game_assets_industrial/Map_v1/Lightmap-0_comp_light.exr
  artifactKey: Guid(5c06d26fd58024a4fb4a5a9e8bde8865) Importer(815301076,1909f56bfc062723c751e8b465ee728b)
Start importing Assets/Imports/RPG_FPS_game_assets_industrial/Map_v1/Lightmap-0_comp_light.exr using Guid(5c06d26fd58024a4fb4a5a9e8bde8865) Importer(815301076,1909f56bfc062723c751e8b465ee728b)  -> (artifact id: '5916056bf5a3ca8084fdcce6b6a1788f') in 0.056828 seconds 
========================================================================
Received Import Request.
  Time since last request: 24.008142 seconds.
  path: Assets/Imports/RPG_FPS_game_assets_industrial/Fences/Concrete_fences/Concrete_fence_v1/Concrete_fence_v1_c1.prefab
  artifactKey: Guid(d451d48adcbc4e14d817d2f55e6fe807) Importer(815301076,1909f56bfc062723c751e8b465ee728b)
Start importing Assets/Imports/RPG_FPS_game_assets_industrial/Fences/Concrete_fences/Concrete_fence_v1/Concrete_fence_v1_c1.prefab using Guid(d451d48adcbc4e14d817d2f55e6fe807) Importer(815301076,1909f56bfc062723c751e8b465ee728b)  -> (artifact id: 'b2a4a6645134441219b5bf2d341ea8b7') in 0.466309 seconds 
========================================================================
Received Import Request.
  Time since last request: 0.000019 seconds.
  path: Assets/Imports/RPG_FPS_game_assets_industrial/Fences/Concrete_fences/Concrete_fence_v1/Concrete_fence_v1_L2.prefab
  artifactKey: Guid(21cd13e1bef6c4d49b6a39c0979ddb31) Importer(815301076,1909f56bfc062723c751e8b465ee728b)
Start importing Assets/Imports/RPG_FPS_game_assets_industrial/Fences/Concrete_fences/Concrete_fence_v1/Concrete_fence_v1_L2.prefab using Guid(21cd13e1bef6c4d49b6a39c0979ddb31) Importer(815301076,1909f56bfc062723c751e8b465ee728b)  -> (artifact id: 'c1f02626f9156035c998cd14deb65ada') in 0.014099 seconds 
========================================================================
Received Import Request.
  Time since last request: 0.000034 seconds.
  path: Assets/Imports/RPG_FPS_game_assets_industrial/Fences/Concrete_fences/Concrete_fence_v1/Concrete_fence_v1_wall_set_v1.prefab
  artifactKey: Guid(f5c94d7d7f024eb43b7dd5258c0608d0) Importer(815301076,1909f56bfc062723c751e8b465ee728b)
Start importing Assets/Imports/RPG_FPS_game_assets_industrial/Fences/Concrete_fences/Concrete_fence_v1/Concrete_fence_v1_wall_set_v1.prefab using Guid(f5c94d7d7f024eb43b7dd5258c0608d0) Importer(815301076,1909f56bfc062723c751e8b465ee728b)  -> (artifact id: 'd11af044db945169367063d051dab636') in 0.010748 seconds 
========================================================================
Received Import Request.
  Time since last request: 0.000018 seconds.
  path: Assets/Imports/RPG_FPS_game_assets_industrial/Fences/Concrete_fences/Concrete_fence_v1/Concrete_fence_v1_s1.prefab
  artifactKey: Guid(8270a6a93cde92045a7d335d31b2ece4) Importer(815301076,1909f56bfc062723c751e8b465ee728b)
Start importing Assets/Imports/RPG_FPS_game_assets_industrial/Fences/Concrete_fences/Concrete_fence_v1/Concrete_fence_v1_s1.prefab using Guid(8270a6a93cde92045a7d335d31b2ece4) Importer(815301076,1909f56bfc062723c751e8b465ee728b)  -> (artifact id: '185c6f9c41aa036997149d2ab2597bd1') in 0.031774 seconds 
========================================================================
Received Import Request.
  Time since last request: 0.000020 seconds.
  path: Assets/Imports/RPG_FPS_game_assets_industrial/Fences/Concrete_fences/Concrete_fence_v1/Concrete_fence_v1_c3.prefab
  artifactKey: Guid(594ca775bab9221489ec47078448f30b) Importer(815301076,1909f56bfc062723c751e8b465ee728b)
Start importing Assets/Imports/RPG_FPS_game_assets_industrial/Fences/Concrete_fences/Concrete_fence_v1/Concrete_fence_v1_c3.prefab using Guid(594ca775bab9221489ec47078448f30b) Importer(815301076,1909f56bfc062723c751e8b465ee728b)  -> (artifact id: 'e3591a886056ee9bf0acd9b67dd1a669') in 0.012972 seconds 
========================================================================
Received Import Request.
  Time since last request: 0.000023 seconds.
  path: Assets/Imports/RPG_FPS_game_assets_industrial/Fences/Concrete_fences/Concrete_fence_v1/Concrete_fence_v1_column.prefab
  artifactKey: Guid(28b2b68147fce3c4187add1104d6ccd8) Importer(815301076,1909f56bfc062723c751e8b465ee728b)
Start importing Assets/Imports/RPG_FPS_game_assets_industrial/Fences/Concrete_fences/Concrete_fence_v1/Concrete_fence_v1_column.prefab using Guid(28b2b68147fce3c4187add1104d6ccd8) Importer(815301076,1909f56bfc062723c751e8b465ee728b)  -> (artifact id: '90668f0f4d3ce909b61d1d5dd2a4d9d5') in 0.013959 seconds 
========================================================================
Received Import Request.
  Time since last request: 0.000031 seconds.
  path: Assets/Imports/RPG_FPS_game_assets_industrial/Fences/Concrete_fences/Concrete_fence_v1/Concrete_fence_v1_c2.prefab
  artifactKey: Guid(f13df3da23764d54493c4cd7f9a0d3f6) Importer(815301076,1909f56bfc062723c751e8b465ee728b)
Start importing Assets/Imports/RPG_FPS_game_assets_industrial/Fences/Concrete_fences/Concrete_fence_v1/Concrete_fence_v1_c2.prefab using Guid(f13df3da23764d54493c4cd7f9a0d3f6) Importer(815301076,1909f56bfc062723c751e8b465ee728b)  -> (artifact id: '4fcd84df543972d17936f6ceab26ad15') in 0.023500 seconds 
========================================================================
Received Import Request.
  Time since last request: 5.523942 seconds.
  path: Assets/Imports/RPG_FPS_game_assets_industrial/Fences/Concrete_fences/Concrete_fence_v2/Concrete_fence_v2_L.prefab
  artifactKey: Guid(aca4c3cf28c5f5a428fb19299881807f) Importer(815301076,1909f56bfc062723c751e8b465ee728b)
Start importing Assets/Imports/RPG_FPS_game_assets_industrial/Fences/Concrete_fences/Concrete_fence_v2/Concrete_fence_v2_L.prefab using Guid(aca4c3cf28c5f5a428fb19299881807f) Importer(815301076,1909f56bfc062723c751e8b465ee728b)  -> (artifact id: 'ee1341dba62238af3f0b98a4504d50ff') in 0.137625 seconds 
Editor requested this worker to shutdown with reason: Scaling down because of idle timeout
AssetImportWorker is now disconnected from the server
Process exiting
Exiting without the bug reporter. Application will terminate with return code 0