Using pre-set license
Built from '2021.3/staging' branch; Version is '2021.3.1f1 (3b70a0754835) revision 3895456'; Using compiler version '192829333'; Build Type 'Release'
OS: 'Windows 11  (10.0.22000) 64bit Core' Language: 'en' Physical Memory: 15755 MB
BatchMode: 1, IsHumanControllingUs: 0, StartBugReporterOnCrash: 0, Is64bit: 1, IsPro: 1

COMMAND LINE ARGUMENTS:
C:\Program Files\Unity\Hub\Editor\2021.3.1f1\Editor\Unity.exe
-adb2
-batchMode
-noUpm
-name
AssetImportWorker0
-projectPath
C:/Users/Andrew/Documents/GitHub/CognitiveBiasGame
-logFile
Logs/AssetImportWorker0.log
-srvPort
51659
Successfully changed project path to: C:/Users/Andrew/Documents/GitHub/CognitiveBiasGame
C:/Users/Andrew/Documents/GitHub/CognitiveBiasGame
[UnityMemory] Configuration Parameters - Can be set up in boot.config
    "memorysetup-bucket-allocator-granularity=16"
    "memorysetup-bucket-allocator-bucket-count=8"
    "memorysetup-bucket-allocator-block-size=33554432"
    "memorysetup-bucket-allocator-block-count=8"
    "memorysetup-main-allocator-block-size=16777216"
    "memorysetup-thread-allocator-block-size=16777216"
    "memorysetup-gfx-main-allocator-block-size=16777216"
    "memorysetup-gfx-thread-allocator-block-size=16777216"
    "memorysetup-cache-allocator-block-size=4194304"
    "memorysetup-typetree-allocator-block-size=2097152"
    "memorysetup-profiler-bucket-allocator-granularity=16"
    "memorysetup-profiler-bucket-allocator-bucket-count=8"
    "memorysetup-profiler-bucket-allocator-block-size=33554432"
    "memorysetup-profiler-bucket-allocator-block-count=8"
    "memorysetup-profiler-allocator-block-size=16777216"
    "memorysetup-profiler-editor-allocator-block-size=1048576"
    "memorysetup-temp-allocator-size-main=16777216"
    "memorysetup-job-temp-allocator-block-size=2097152"
    "memorysetup-job-temp-allocator-block-size-background=1048576"
    "memorysetup-job-temp-allocator-reduction-small-platforms=262144"
    "memorysetup-temp-allocator-size-background-worker=32768"
    "memorysetup-temp-allocator-size-job-worker=262144"
    "memorysetup-temp-allocator-size-preload-manager=33554432"
    "memorysetup-temp-allocator-size-nav-mesh-worker=65536"
    "memorysetup-temp-allocator-size-audio-worker=65536"
    "memorysetup-temp-allocator-size-cloud-worker=32768"
    "memorysetup-temp-allocator-size-gi-baking-worker=262144"
    "memorysetup-temp-allocator-size-gfx=262144"
Refreshing native plugins compatible for Editor in 196.86 ms, found 3 plugins.
Preloading 0 native plugins for Editor in 0.00 ms.
Initialize engine version: 2021.3.1f1 (3b70a0754835)
[Subsystems] Discovering subsystems at path C:/Program Files/Unity/Hub/Editor/2021.3.1f1/Editor/Data/Resources/UnitySubsystems
[Subsystems] Discovering subsystems at path C:/Users/Andrew/Documents/GitHub/CognitiveBiasGame/Assets
GfxDevice: creating device client; threaded=0; jobified=0
Direct3D:
    Version:  Direct3D 11.0 [level 11.1]
    Renderer: AMD Radeon(TM) Graphics (ID=0x164c)
    Vendor:   ATI
    VRAM:     7877 MB
    Driver:   30.0.13044.3001
Initialize mono
Mono path[0] = 'C:/Program Files/Unity/Hub/Editor/2021.3.1f1/Editor/Data/Managed'
Mono path[1] = 'C:/Program Files/Unity/Hub/Editor/2021.3.1f1/Editor/Data/MonoBleedingEdge/lib/mono/unityjit-win32'
Mono config path = 'C:/Program Files/Unity/Hub/Editor/2021.3.1f1/Editor/Data/MonoBleedingEdge/etc'
Using monoOptions --debugger-agent=transport=dt_socket,embedding=1,server=y,suspend=n,address=127.0.0.1:56132
Begin MonoManager ReloadAssembly
Registering precompiled unity dll's ...
Register platform support module: C:/Program Files/Unity/Hub/Editor/2021.3.1f1/Editor/Data/PlaybackEngines/WindowsStandaloneSupport/UnityEditor.WindowsStandalone.Extensions.dll
Registered in 0.013359 seconds.
Native extension for WindowsStandalone target not found
Refreshing native plugins compatible for Editor in 192.80 ms, found 3 plugins.
Preloading 0 native plugins for Editor in 0.00 ms.
Mono: successfully reloaded assembly
- Completed reload, in  1.510 seconds
Domain Reload Profiling:
	ReloadAssembly (1511ms)
		BeginReloadAssembly (173ms)
			ExecutionOrderSort (0ms)
			DisableScriptedObjects (0ms)
			BackupInstance (0ms)
			ReleaseScriptingObjects (0ms)
			CreateAndSetChildDomain (1ms)
		EndReloadAssembly (1050ms)
			LoadAssemblies (168ms)
			RebuildTransferFunctionScriptingTraits (0ms)
			SetupTypeCache (247ms)
			ReleaseScriptCaches (0ms)
			RebuildScriptCaches (63ms)
			SetupLoadedEditorAssemblies (630ms)
				LogAssemblyErrors (0ms)
				InitializePlatformSupportModulesInManaged (15ms)
				SetLoadedEditorAssemblies (0ms)
				RefreshPlugins (193ms)
				BeforeProcessingInitializeOnLoad (2ms)
				ProcessInitializeOnLoadAttributes (312ms)
				ProcessInitializeOnLoadMethodAttributes (106ms)
				AfterProcessingInitializeOnLoad (0ms)
				EditorAssembliesLoaded (0ms)
			ExecutionOrderSort2 (0ms)
			AwakeInstancesAfterBackupRestoration (0ms)
Platform modules already initialized, skipping
Registering precompiled user dll's ...
Registered in 0.008341 seconds.
Begin MonoManager ReloadAssembly
Symbol file LoadedFromMemory doesn't match image C:\Users\Andrew\Documents\GitHub\CognitiveBiasGame\Library\PackageCache\com.unity.visualscripting@1.7.6\Editor\VisualScripting.Core\Dependencies\YamlDotNet\Unity.VisualScripting.YamlDotNet.dll
Symbol file LoadedFromMemory is not a mono symbol file
Symbol file LoadedFromMemory doesn't match image C:\Users\Andrew\Documents\GitHub\CognitiveBiasGame\Library\PackageCache\com.unity.visualscripting@1.7.6\Editor\VisualScripting.Core\Dependencies\DotNetZip\Unity.VisualScripting.IonicZip.dll
Native extension for WindowsStandalone target not found
Refreshing native plugins compatible for Editor in 1.16 ms, found 3 plugins.
Preloading 0 native plugins for Editor in 0.00 ms.
Mono: successfully reloaded assembly
- Completed reload, in  2.289 seconds
Domain Reload Profiling:
	ReloadAssembly (2291ms)
		BeginReloadAssembly (241ms)
			ExecutionOrderSort (0ms)
			DisableScriptedObjects (14ms)
			BackupInstance (0ms)
			ReleaseScriptingObjects (0ms)
			CreateAndSetChildDomain (38ms)
		EndReloadAssembly (1792ms)
			LoadAssemblies (166ms)
			RebuildTransferFunctionScriptingTraits (0ms)
			SetupTypeCache (554ms)
			ReleaseScriptCaches (1ms)
			RebuildScriptCaches (119ms)
			SetupLoadedEditorAssemblies (829ms)
				LogAssemblyErrors (0ms)
				InitializePlatformSupportModulesInManaged (10ms)
				SetLoadedEditorAssemblies (1ms)
				RefreshPlugins (1ms)
				BeforeProcessingInitializeOnLoad (197ms)
				ProcessInitializeOnLoadAttributes (559ms)
				ProcessInitializeOnLoadMethodAttributes (46ms)
				AfterProcessingInitializeOnLoad (14ms)
				EditorAssembliesLoaded (0ms)
			ExecutionOrderSort2 (0ms)
			AwakeInstancesAfterBackupRestoration (14ms)
Platform modules already initialized, skipping
========================================================================
Worker process is ready to serve import requests
Launched and connected shader compiler UnityShaderCompiler.exe after 0.07 seconds
Refreshing native plugins compatible for Editor in 1.23 ms, found 3 plugins.
Preloading 0 native plugins for Editor in 0.00 ms.
Unloading 3609 Unused Serialized files (Serialized files now loaded: 0)
Unloading 24 unused Assets / (155.9 KB). Loaded Objects now: 4099.
Memory consumption went from 150.0 MB to 149.8 MB.
Total: 6.178900 ms (FindLiveObjects: 0.682400 ms CreateObjectMapping: 0.431900 ms MarkObjects: 4.747700 ms  DeleteObjects: 0.314300 ms)

AssetImportParameters requested are different than current active one (requested -> active):
  custom:video-decoder-ogg-theora: a1e56fd34408186e4bbccfd4996cb3dc -> 
  custom:container-muxer-webm: aa71ff27fc2769a1b78a27578f13a17b -> 
  custom:container-demuxer-webm: 4f35f7cbe854078d1ac9338744f61a02 -> 
  custom:video-encoder-webm-vp8: eb34c28f22e8b96e1ab97ce403110664 -> 
  custom:audio-encoder-webm-vorbis: bf7c407c2cedff20999df2af8eb42d56 -> 
  custom:framework-win-MediaFoundation: 216162199b28c13a410421893ffa2e32 -> 
  custom:container-demuxer-ogg: 62fdf1f143b41e24485cea50d1cbac27 -> 
  custom:video-decoder-webm-vp8: 9c59270c3fd7afecdb556c50c9e8de78 -> 
  custom:audio-decoder-ogg-vorbis: bf7c407c2cedff20999df2af8eb42d56 -> 
========================================================================
Received Import Request.
  Time since last request: 2556396.802044 seconds.
  path: Assets/MyAssets/Materials
  artifactKey: Guid(7cea3c834861c254484b9b36a837c09b) Importer(815301076,1909f56bfc062723c751e8b465ee728b)
Start importing Assets/MyAssets/Materials using Guid(7cea3c834861c254484b9b36a837c09b) Importer(815301076,1909f56bfc062723c751e8b465ee728b)  -> (artifact id: 'a64a73082651773b39c8db73d91e618d') in 0.026830 seconds 
========================================================================
Received Import Request.
  Time since last request: 0.775411 seconds.
  path: Assets/MyAssets/Materials/TextureSet01_mat
  artifactKey: Guid(94baa1a530e984c449e18a4522ce45c5) Importer(815301076,1909f56bfc062723c751e8b465ee728b)
Start importing Assets/MyAssets/Materials/TextureSet01_mat using Guid(94baa1a530e984c449e18a4522ce45c5) Importer(815301076,1909f56bfc062723c751e8b465ee728b)  -> (artifact id: '8ccc16e7e390a92930650aebee3bf737') in 0.013573 seconds 
========================================================================
Received Import Request.
  Time since last request: 0.050548 seconds.
  path: Assets/MyAssets/Materials/TextureSet01_mat/WallTextureSet01_01_M 1.mat
  artifactKey: Guid(7ab647a0ae8537d46bbbcf332b985028) Importer(815301076,1909f56bfc062723c751e8b465ee728b)
Start importing Assets/MyAssets/Materials/TextureSet01_mat/WallTextureSet01_01_M 1.mat using Guid(7ab647a0ae8537d46bbbcf332b985028) Importer(815301076,1909f56bfc062723c751e8b465ee728b)  -> (artifact id: '664d16576dc495e74c3696800376bd19') in 0.772743 seconds 
========================================================================
Received Import Request.
  Time since last request: 0.000067 seconds.
  path: Assets/MyAssets/Materials/TextureSet01_mat/WallTextureSet01_02_M.mat
  artifactKey: Guid(01f3b6f8decd7964ea1fea199fc0ce42) Importer(815301076,1909f56bfc062723c751e8b465ee728b)
Start importing Assets/MyAssets/Materials/TextureSet01_mat/WallTextureSet01_02_M.mat using Guid(01f3b6f8decd7964ea1fea199fc0ce42) Importer(815301076,1909f56bfc062723c751e8b465ee728b)  -> (artifact id: 'f32c31733c178d0a38984d0dd8065ecf') in 0.049133 seconds 
========================================================================
Received Import Request.
  Time since last request: 158.768495 seconds.
  path: Assets/MyAssets/wallTextureSet
  artifactKey: Guid(6f83b60d1b48bd149a655a4cf5044f22) Importer(815301076,1909f56bfc062723c751e8b465ee728b)
Start importing Assets/MyAssets/wallTextureSet using Guid(6f83b60d1b48bd149a655a4cf5044f22) Importer(815301076,1909f56bfc062723c751e8b465ee728b)  -> (artifact id: '0721e406ebb238f47d9e299140484146') in 0.016422 seconds 
========================================================================
Received Import Request.
  Time since last request: 2.341540 seconds.
  path: Assets/MyAssets/wallTextureSet/wallTextureSet02
  artifactKey: Guid(e8c8be004e484d346a033401b36d3db3) Importer(815301076,1909f56bfc062723c751e8b465ee728b)
Start importing Assets/MyAssets/wallTextureSet/wallTextureSet02 using Guid(e8c8be004e484d346a033401b36d3db3) Importer(815301076,1909f56bfc062723c751e8b465ee728b)  -> (artifact id: 'd192c7859de5a77f151ba51cdc22e843') in 0.014681 seconds 
========================================================================
Received Import Request.
  Time since last request: 0.660689 seconds.
  path: Assets/MyAssets/wallTextureSet/wallTextureSet02/02
  artifactKey: Guid(ea0572c96470c694e8dc312be4db4cc9) Importer(815301076,1909f56bfc062723c751e8b465ee728b)
Start importing Assets/MyAssets/wallTextureSet/wallTextureSet02/02 using Guid(ea0572c96470c694e8dc312be4db4cc9) Importer(815301076,1909f56bfc062723c751e8b465ee728b)  -> (artifact id: '0b62662c7338409c6b7c744dca1e2cd2') in 0.013366 seconds 
========================================================================
Received Import Request.
  Time since last request: 0.045879 seconds.
  path: Assets/MyAssets/wallTextureSet/wallTextureSet02/02/walltextureset03_01_AlbedoTransparency.png
  artifactKey: Guid(74e757683f048d24a8fc563a0fbc05aa) Importer(815301076,1909f56bfc062723c751e8b465ee728b)
Start importing Assets/MyAssets/wallTextureSet/wallTextureSet02/02/walltextureset03_01_AlbedoTransparency.png using Guid(74e757683f048d24a8fc563a0fbc05aa) Importer(815301076,1909f56bfc062723c751e8b465ee728b)  -> (artifact id: '622ba4187b31d91ca4629fd82eecb9ef') in 0.141202 seconds 
========================================================================
Received Import Request.
  Time since last request: 0.000057 seconds.
  path: Assets/MyAssets/wallTextureSet/wallTextureSet02/02/walltextureset03_01_Normal.png
  artifactKey: Guid(666c31051f299df40ae803ed740e0fe8) Importer(815301076,1909f56bfc062723c751e8b465ee728b)
Start importing Assets/MyAssets/wallTextureSet/wallTextureSet02/02/walltextureset03_01_Normal.png using Guid(666c31051f299df40ae803ed740e0fe8) Importer(815301076,1909f56bfc062723c751e8b465ee728b)  -> (artifact id: 'ddbee0608bb096f1fc885119750e112d') in 0.041470 seconds 
========================================================================
Received Import Request.
  Time since last request: 4.642045 seconds.
  path: Assets/MyAssets/Materials/TextureSet04_Mat
  artifactKey: Guid(7b87509845ed4404b8e220a34bc4b5fe) Importer(815301076,1909f56bfc062723c751e8b465ee728b)
Start importing Assets/MyAssets/Materials/TextureSet04_Mat using Guid(7b87509845ed4404b8e220a34bc4b5fe) Importer(815301076,1909f56bfc062723c751e8b465ee728b)  -> (artifact id: '3e170d8ddeddce5e05fad4661ecece3c') in 0.014479 seconds 
========================================================================
Received Import Request.
  Time since last request: 0.042428 seconds.
  path: Assets/MyAssets/Materials/TextureSet04_Mat/WallTextureSet04_01.mat
  artifactKey: Guid(f9eeefe78324a074990d255010802e01) Importer(815301076,1909f56bfc062723c751e8b465ee728b)
Start importing Assets/MyAssets/Materials/TextureSet04_Mat/WallTextureSet04_01.mat using Guid(f9eeefe78324a074990d255010802e01) Importer(815301076,1909f56bfc062723c751e8b465ee728b)  -> (artifact id: '9d6c48ab5930bba8f787d3c771abac77') in 0.034285 seconds 
========================================================================
Received Import Request.
  Time since last request: 0.000062 seconds.
  path: Assets/MyAssets/Materials/TextureSet04_Mat/WallTextureSet04_03_M.mat
  artifactKey: Guid(4ef6dd0d16526e547b4df65e1c1a093a) Importer(815301076,1909f56bfc062723c751e8b465ee728b)
Start importing Assets/MyAssets/Materials/TextureSet04_Mat/WallTextureSet04_03_M.mat using Guid(4ef6dd0d16526e547b4df65e1c1a093a) Importer(815301076,1909f56bfc062723c751e8b465ee728b)  -> (artifact id: 'e51f9ee90cad5951d490ba36829aacad') in 0.042929 seconds 
========================================================================
Received Import Request.
  Time since last request: 8.493957 seconds.
  path: Assets/MyAssets/Materials/TextureSet02_mat
  artifactKey: Guid(a189007f69084104fa4ba9c9ed691665) Importer(815301076,1909f56bfc062723c751e8b465ee728b)
Start importing Assets/MyAssets/Materials/TextureSet02_mat using Guid(a189007f69084104fa4ba9c9ed691665) Importer(815301076,1909f56bfc062723c751e8b465ee728b)  -> (artifact id: '1bd63420bd96e38de693144cf9752cab') in 0.013503 seconds 
========================================================================
Received Import Request.
  Time since last request: 0.031574 seconds.
  path: Assets/MyAssets/Materials/TextureSet02_mat/WallTextureSet02_01.mat
  artifactKey: Guid(4728d78a509195644bd78caaa66b8a63) Importer(815301076,1909f56bfc062723c751e8b465ee728b)
Start importing Assets/MyAssets/Materials/TextureSet02_mat/WallTextureSet02_01.mat using Guid(4728d78a509195644bd78caaa66b8a63) Importer(815301076,1909f56bfc062723c751e8b465ee728b)  -> (artifact id: 'adeefcfe2f9168b0e3fe1ddfb2db6655') in 0.048255 seconds 
========================================================================
Received Import Request.
  Time since last request: 0.000070 seconds.
  path: Assets/MyAssets/Materials/TextureSet02_mat/WallTextureSet02_04.mat
  artifactKey: Guid(0648e0a4bec4b904daaca91f183cc6f4) Importer(815301076,1909f56bfc062723c751e8b465ee728b)
Start importing Assets/MyAssets/Materials/TextureSet02_mat/WallTextureSet02_04.mat using Guid(0648e0a4bec4b904daaca91f183cc6f4) Importer(815301076,1909f56bfc062723c751e8b465ee728b)  -> (artifact id: '16ad3e693ff99b9d97f6d667739d7004') in 0.047306 seconds 
========================================================================
Received Import Request.
  Time since last request: 0.000099 seconds.
  path: Assets/MyAssets/Materials/TextureSet02_mat/WallTextureSet02_solo.mat
  artifactKey: Guid(520742ab8e100744c8304e252317f10c) Importer(815301076,1909f56bfc062723c751e8b465ee728b)
Start importing Assets/MyAssets/Materials/TextureSet02_mat/WallTextureSet02_solo.mat using Guid(520742ab8e100744c8304e252317f10c) Importer(815301076,1909f56bfc062723c751e8b465ee728b)  -> (artifact id: 'd42ad8f29c805b450778b52c4eeac814') in 0.048643 seconds 
========================================================================
Received Prepare
Registering precompiled user dll's ...
Registered in 0.009641 seconds.
Begin MonoManager ReloadAssembly
Symbol file LoadedFromMemory doesn't match image C:\Users\Andrew\Documents\GitHub\CognitiveBiasGame\Library\PackageCache\com.unity.visualscripting@1.7.6\Editor\VisualScripting.Core\Dependencies\YamlDotNet\Unity.VisualScripting.YamlDotNet.dll
Symbol file LoadedFromMemory is not a mono symbol file
Symbol file LoadedFromMemory doesn't match image C:\Users\Andrew\Documents\GitHub\CognitiveBiasGame\Library\PackageCache\com.unity.visualscripting@1.7.6\Editor\VisualScripting.Core\Dependencies\DotNetZip\Unity.VisualScripting.IonicZip.dll
Native extension for WindowsStandalone target not found
Refreshing native plugins compatible for Editor in 1.15 ms, found 3 plugins.
Preloading 0 native plugins for Editor in 0.00 ms.
Mono: successfully reloaded assembly
- Completed reload, in  2.184 seconds
Domain Reload Profiling:
	ReloadAssembly (2186ms)
		BeginReloadAssembly (258ms)
			ExecutionOrderSort (0ms)
			DisableScriptedObjects (8ms)
			BackupInstance (0ms)
			ReleaseScriptingObjects (0ms)
			CreateAndSetChildDomain (71ms)
		EndReloadAssembly (1715ms)
			LoadAssemblies (166ms)
			RebuildTransferFunctionScriptingTraits (0ms)
			SetupTypeCache (557ms)
			ReleaseScriptCaches (2ms)
			RebuildScriptCaches (91ms)
			SetupLoadedEditorAssemblies (799ms)
				LogAssemblyErrors (0ms)
				InitializePlatformSupportModulesInManaged (26ms)
				SetLoadedEditorAssemblies (1ms)
				RefreshPlugins (1ms)
				BeforeProcessingInitializeOnLoad (167ms)
				ProcessInitializeOnLoadAttributes (532ms)
				ProcessInitializeOnLoadMethodAttributes (56ms)
				AfterProcessingInitializeOnLoad (15ms)
				EditorAssembliesLoaded (0ms)
			ExecutionOrderSort2 (0ms)
			AwakeInstancesAfterBackupRestoration (14ms)
Platform modules already initialized, skipping
Refreshing native plugins compatible for Editor in 3.85 ms, found 3 plugins.
Preloading 0 native plugins for Editor in 0.00 ms.
Unloading 3585 Unused Serialized files (Serialized files now loaded: 0)
Unloading 17 unused Assets / (115.7 KB). Loaded Objects now: 4144.
Memory consumption went from 152.7 MB to 152.5 MB.
Total: 6.543700 ms (FindLiveObjects: 0.903600 ms CreateObjectMapping: 0.361700 ms MarkObjects: 5.046100 ms  DeleteObjects: 0.229100 ms)

AssetImportParameters requested are different than current active one (requested -> active):
  custom:video-decoder-ogg-theora: a1e56fd34408186e4bbccfd4996cb3dc -> 
  custom:container-muxer-webm: aa71ff27fc2769a1b78a27578f13a17b -> 
  custom:container-demuxer-webm: 4f35f7cbe854078d1ac9338744f61a02 -> 
  custom:video-encoder-webm-vp8: eb34c28f22e8b96e1ab97ce403110664 -> 
  custom:audio-encoder-webm-vorbis: bf7c407c2cedff20999df2af8eb42d56 -> 
  custom:framework-win-MediaFoundation: 216162199b28c13a410421893ffa2e32 -> 
  custom:container-demuxer-ogg: 62fdf1f143b41e24485cea50d1cbac27 -> 
  custom:video-decoder-webm-vp8: 9c59270c3fd7afecdb556c50c9e8de78 -> 
  custom:audio-decoder-ogg-vorbis: bf7c407c2cedff20999df2af8eb42d56 -> 
========================================================================
Received Import Request.
  Time since last request: 211.421320 seconds.
  path: Assets/MyAssets/Materials/TextureSet03_mat/WallTextureSet03_02_M.mat
  artifactKey: Guid(31fd0971612eb6047bb197f59546eac3) Importer(815301076,1909f56bfc062723c751e8b465ee728b)
Start importing Assets/MyAssets/Materials/TextureSet03_mat/WallTextureSet03_02_M.mat using Guid(31fd0971612eb6047bb197f59546eac3) Importer(815301076,1909f56bfc062723c751e8b465ee728b)  -> (artifact id: '4e3ea18ab49cadfb9a63453216017556') in 0.176542 seconds 
========================================================================
Received Import Request.
  Time since last request: 0.000069 seconds.
  path: Assets/MyAssets/Materials/TextureSet03_mat/WallTextureSet03_03.mat
  artifactKey: Guid(16335bfa75d77864790f5ffff47a982b) Importer(815301076,1909f56bfc062723c751e8b465ee728b)
Start importing Assets/MyAssets/Materials/TextureSet03_mat/WallTextureSet03_03.mat using Guid(16335bfa75d77864790f5ffff47a982b) Importer(815301076,1909f56bfc062723c751e8b465ee728b)  -> (artifact id: '742ef0fbb530d4e4e90159189f3ec535') in 0.038443 seconds 
========================================================================
Received Import Request.
  Time since last request: 0.000066 seconds.
  path: Assets/MyAssets/Materials/TextureSet03_mat/WallTextureSet03_03_M.mat
  artifactKey: Guid(df48cdcac8aeabd409ef2f0864799574) Importer(815301076,1909f56bfc062723c751e8b465ee728b)
Start importing Assets/MyAssets/Materials/TextureSet03_mat/WallTextureSet03_03_M.mat using Guid(df48cdcac8aeabd409ef2f0864799574) Importer(815301076,1909f56bfc062723c751e8b465ee728b)  -> (artifact id: '2f9e79df5264514e8415cd0fd659c77c') in 0.042252 seconds 
========================================================================
Received Prepare
Registering precompiled user dll's ...
Registered in 0.010951 seconds.
Begin MonoManager ReloadAssembly
Symbol file LoadedFromMemory doesn't match image C:\Users\Andrew\Documents\GitHub\CognitiveBiasGame\Library\PackageCache\com.unity.visualscripting@1.7.6\Editor\VisualScripting.Core\Dependencies\YamlDotNet\Unity.VisualScripting.YamlDotNet.dll
Symbol file LoadedFromMemory is not a mono symbol file
Symbol file LoadedFromMemory doesn't match image C:\Users\Andrew\Documents\GitHub\CognitiveBiasGame\Library\PackageCache\com.unity.visualscripting@1.7.6\Editor\VisualScripting.Core\Dependencies\DotNetZip\Unity.VisualScripting.IonicZip.dll
Native extension for WindowsStandalone target not found
Refreshing native plugins compatible for Editor in 1.90 ms, found 3 plugins.
Preloading 0 native plugins for Editor in 0.00 ms.
Mono: successfully reloaded assembly
- Completed reload, in  2.240 seconds
Domain Reload Profiling:
	ReloadAssembly (2243ms)
		BeginReloadAssembly (263ms)
			ExecutionOrderSort (0ms)
			DisableScriptedObjects (11ms)
			BackupInstance (0ms)
			ReleaseScriptingObjects (0ms)
			CreateAndSetChildDomain (88ms)
		EndReloadAssembly (1789ms)
			LoadAssemblies (155ms)
			RebuildTransferFunctionScriptingTraits (0ms)
			SetupTypeCache (578ms)
			ReleaseScriptCaches (3ms)
			RebuildScriptCaches (119ms)
			SetupLoadedEditorAssemblies (784ms)
				LogAssemblyErrors (0ms)
				InitializePlatformSupportModulesInManaged (29ms)
				SetLoadedEditorAssemblies (2ms)
				RefreshPlugins (2ms)
				BeforeProcessingInitializeOnLoad (171ms)
				ProcessInitializeOnLoadAttributes (511ms)
				ProcessInitializeOnLoadMethodAttributes (56ms)
				AfterProcessingInitializeOnLoad (13ms)
				EditorAssembliesLoaded (0ms)
			ExecutionOrderSort2 (0ms)
			AwakeInstancesAfterBackupRestoration (14ms)
Platform modules already initialized, skipping
Refreshing native plugins compatible for Editor in 5.04 ms, found 3 plugins.
Preloading 0 native plugins for Editor in 0.00 ms.
Unloading 3585 Unused Serialized files (Serialized files now loaded: 0)
Unloading 17 unused Assets / (139.3 KB). Loaded Objects now: 4147.
Memory consumption went from 152.7 MB to 152.6 MB.
Total: 6.204000 ms (FindLiveObjects: 0.448700 ms CreateObjectMapping: 0.200300 ms MarkObjects: 5.349600 ms  DeleteObjects: 0.203500 ms)

AssetImportParameters requested are different than current active one (requested -> active):
  custom:video-decoder-ogg-theora: a1e56fd34408186e4bbccfd4996cb3dc -> 
  custom:container-muxer-webm: aa71ff27fc2769a1b78a27578f13a17b -> 
  custom:container-demuxer-webm: 4f35f7cbe854078d1ac9338744f61a02 -> 
  custom:video-encoder-webm-vp8: eb34c28f22e8b96e1ab97ce403110664 -> 
  custom:audio-encoder-webm-vorbis: bf7c407c2cedff20999df2af8eb42d56 -> 
  custom:framework-win-MediaFoundation: 216162199b28c13a410421893ffa2e32 -> 
  custom:container-demuxer-ogg: 62fdf1f143b41e24485cea50d1cbac27 -> 
  custom:video-decoder-webm-vp8: 9c59270c3fd7afecdb556c50c9e8de78 -> 
  custom:audio-decoder-ogg-vorbis: bf7c407c2cedff20999df2af8eb42d56 -> 
========================================================================
Received Prepare
Registering precompiled user dll's ...
Registered in 0.007491 seconds.
Begin MonoManager ReloadAssembly
Symbol file LoadedFromMemory doesn't match image C:\Users\Andrew\Documents\GitHub\CognitiveBiasGame\Library\PackageCache\com.unity.visualscripting@1.7.6\Editor\VisualScripting.Core\Dependencies\YamlDotNet\Unity.VisualScripting.YamlDotNet.dll
Symbol file LoadedFromMemory is not a mono symbol file
Symbol file LoadedFromMemory doesn't match image C:\Users\Andrew\Documents\GitHub\CognitiveBiasGame\Library\PackageCache\com.unity.visualscripting@1.7.6\Editor\VisualScripting.Core\Dependencies\DotNetZip\Unity.VisualScripting.IonicZip.dll
Native extension for WindowsStandalone target not found
Refreshing native plugins compatible for Editor in 1.19 ms, found 3 plugins.
Preloading 0 native plugins for Editor in 0.00 ms.
Mono: successfully reloaded assembly
- Completed reload, in  2.229 seconds
Domain Reload Profiling:
	ReloadAssembly (2231ms)
		BeginReloadAssembly (251ms)
			ExecutionOrderSort (0ms)
			DisableScriptedObjects (14ms)
			BackupInstance (0ms)
			ReleaseScriptingObjects (0ms)
			CreateAndSetChildDomain (59ms)
		EndReloadAssembly (1765ms)
			LoadAssemblies (160ms)
			RebuildTransferFunctionScriptingTraits (0ms)
			SetupTypeCache (565ms)
			ReleaseScriptCaches (3ms)
			RebuildScriptCaches (96ms)
			SetupLoadedEditorAssemblies (818ms)
				LogAssemblyErrors (0ms)
				InitializePlatformSupportModulesInManaged (38ms)
				SetLoadedEditorAssemblies (1ms)
				RefreshPlugins (1ms)
				BeforeProcessingInitializeOnLoad (170ms)
				ProcessInitializeOnLoadAttributes (537ms)
				ProcessInitializeOnLoadMethodAttributes (55ms)
				AfterProcessingInitializeOnLoad (15ms)
				EditorAssembliesLoaded (1ms)
			ExecutionOrderSort2 (0ms)
			AwakeInstancesAfterBackupRestoration (13ms)
Platform modules already initialized, skipping
Refreshing native plugins compatible for Editor in 4.44 ms, found 3 plugins.
Preloading 0 native plugins for Editor in 0.00 ms.
Unloading 3585 Unused Serialized files (Serialized files now loaded: 0)
Unloading 17 unused Assets / (123.4 KB). Loaded Objects now: 4150.
Memory consumption went from 152.7 MB to 152.6 MB.
Total: 6.356700 ms (FindLiveObjects: 0.446500 ms CreateObjectMapping: 0.188500 ms MarkObjects: 5.445200 ms  DeleteObjects: 0.274400 ms)

AssetImportParameters requested are different than current active one (requested -> active):
  custom:video-decoder-ogg-theora: a1e56fd34408186e4bbccfd4996cb3dc -> 
  custom:container-muxer-webm: aa71ff27fc2769a1b78a27578f13a17b -> 
  custom:container-demuxer-webm: 4f35f7cbe854078d1ac9338744f61a02 -> 
  custom:video-encoder-webm-vp8: eb34c28f22e8b96e1ab97ce403110664 -> 
  custom:audio-encoder-webm-vorbis: bf7c407c2cedff20999df2af8eb42d56 -> 
  custom:framework-win-MediaFoundation: 216162199b28c13a410421893ffa2e32 -> 
  custom:container-demuxer-ogg: 62fdf1f143b41e24485cea50d1cbac27 -> 
  custom:video-decoder-webm-vp8: 9c59270c3fd7afecdb556c50c9e8de78 -> 
  custom:audio-decoder-ogg-vorbis: bf7c407c2cedff20999df2af8eb42d56 -> 
========================================================================
Received Import Request.
  Time since last request: 876.340956 seconds.
  path: Assets/MyAssets/Materials/TextureSet01_mat/WallTextureSet01_03_M.mat
  artifactKey: Guid(c86ff8c1466f8e74eb730862e6db7adc) Importer(815301076,1909f56bfc062723c751e8b465ee728b)
Start importing Assets/MyAssets/Materials/TextureSet01_mat/WallTextureSet01_03_M.mat using Guid(c86ff8c1466f8e74eb730862e6db7adc) Importer(815301076,1909f56bfc062723c751e8b465ee728b)  -> (artifact id: 'dca82081c4d9fb2c32723388c2fe9c2a') in 0.178354 seconds 
========================================================================
Received Import Request.
  Time since last request: 68.488436 seconds.
  path: Assets/MyAssets/Prefabs/WallTextureSetPrefab.prefab
  artifactKey: Guid(f9ebdfbebf956364f8b4bada8a6c093d) Importer(815301076,1909f56bfc062723c751e8b465ee728b)
Start importing Assets/MyAssets/Prefabs/WallTextureSetPrefab.prefab using Guid(f9ebdfbebf956364f8b4bada8a6c093d) Importer(815301076,1909f56bfc062723c751e8b465ee728b)  -> (artifact id: '1eec989b8cb41d5bf9c7ddda6f3a0c44') in 0.222124 seconds 
========================================================================
Received Import Request.
  Time since last request: 12.513255 seconds.
  path: Assets/Propsets/Prefab/container01.prefab
  artifactKey: Guid(f2e9d8f7a1bee104a8c074b710bcc457) Importer(815301076,1909f56bfc062723c751e8b465ee728b)
Start importing Assets/Propsets/Prefab/container01.prefab using Guid(f2e9d8f7a1bee104a8c074b710bcc457) Importer(815301076,1909f56bfc062723c751e8b465ee728b)  -> (artifact id: '756d204e48cf08fa8b0e0b102e734968') in 0.128686 seconds 
========================================================================
Received Import Request.
  Time since last request: 0.000053 seconds.
  path: Assets/Propsets/Prefab/cylinder01 (2).prefab
  artifactKey: Guid(85577eec28e8d704d9ae58cc64bb85c9) Importer(815301076,1909f56bfc062723c751e8b465ee728b)
Start importing Assets/Propsets/Prefab/cylinder01 (2).prefab using Guid(85577eec28e8d704d9ae58cc64bb85c9) Importer(815301076,1909f56bfc062723c751e8b465ee728b)  -> (artifact id: '20e8906b02d9809a5e5f4eb90ddb433c') in 0.130840 seconds 
========================================================================
Received Import Request.
  Time since last request: 0.000071 seconds.
  path: Assets/Propsets/Prefab/container02_blue.prefab
  artifactKey: Guid(3d4e8e5ce7674bb42866c00133e9769d) Importer(815301076,1909f56bfc062723c751e8b465ee728b)
Start importing Assets/Propsets/Prefab/container02_blue.prefab using Guid(3d4e8e5ce7674bb42866c00133e9769d) Importer(815301076,1909f56bfc062723c751e8b465ee728b)  -> (artifact id: '9766bb31911a565671fec39dc048b3c4') in 0.108117 seconds 
========================================================================
Received Import Request.
  Time since last request: 0.000082 seconds.
  path: Assets/Propsets/Prefab/cylinder01 (8).prefab
  artifactKey: Guid(7b6be04358a76a5489aad025e458a798) Importer(815301076,1909f56bfc062723c751e8b465ee728b)
Start importing Assets/Propsets/Prefab/cylinder01 (8).prefab using Guid(7b6be04358a76a5489aad025e458a798) Importer(815301076,1909f56bfc062723c751e8b465ee728b)  -> (artifact id: '8fb1749fa35e3845b3d93c8af9036c2c') in 0.115556 seconds 
========================================================================
Received Import Request.
  Time since last request: 0.000059 seconds.
  path: Assets/Propsets/Prefab/Cylinder04_Yellow.prefab
  artifactKey: Guid(6fb8abd444fb9b14fa55bdd6c77837af) Importer(815301076,1909f56bfc062723c751e8b465ee728b)
Start importing Assets/Propsets/Prefab/Cylinder04_Yellow.prefab using Guid(6fb8abd444fb9b14fa55bdd6c77837af) Importer(815301076,1909f56bfc062723c751e8b465ee728b)  -> (artifact id: '9c2fb176bf19b9ca924fd99edc9bdceb') in 0.059474 seconds 
========================================================================
Received Import Request.
  Time since last request: 0.000058 seconds.
  path: Assets/Propsets/Prefab/cylinder01 (5).prefab
  artifactKey: Guid(c360daf7d80c7d24f91b382923dd8383) Importer(815301076,1909f56bfc062723c751e8b465ee728b)
Start importing Assets/Propsets/Prefab/cylinder01 (5).prefab using Guid(c360daf7d80c7d24f91b382923dd8383) Importer(815301076,1909f56bfc062723c751e8b465ee728b)  -> (artifact id: 'd7330a4359b52fa6ee719415091ae3de') in 0.114444 seconds 
========================================================================
Received Import Request.
  Time since last request: 0.000070 seconds.
  path: Assets/Propsets/Prefab/cylinder01 (3).prefab
  artifactKey: Guid(29978677ec68e6049bf94234a397d385) Importer(815301076,1909f56bfc062723c751e8b465ee728b)
Start importing Assets/Propsets/Prefab/cylinder01 (3).prefab using Guid(29978677ec68e6049bf94234a397d385) Importer(815301076,1909f56bfc062723c751e8b465ee728b)  -> (artifact id: '710d895681c1ae65b34586062e620a59') in 0.126287 seconds 
========================================================================
Received Import Request.
  Time since last request: 0.000176 seconds.
  path: Assets/Propsets/Prefab/Container04_Black.prefab
  artifactKey: Guid(2cc65872c991a2e448d96b39858110cc) Importer(815301076,1909f56bfc062723c751e8b465ee728b)
Start importing Assets/Propsets/Prefab/Container04_Black.prefab using Guid(2cc65872c991a2e448d96b39858110cc) Importer(815301076,1909f56bfc062723c751e8b465ee728b)  -> (artifact id: 'd4b6fcfee71526b57eba4f607aab1775') in 0.071208 seconds 
========================================================================
Received Import Request.
  Time since last request: 0.000084 seconds.
  path: Assets/Propsets/Prefab/cylinder01 (10).prefab
  artifactKey: Guid(e79eae891d9c6fc4e81fd4e3a49ae5c3) Importer(815301076,1909f56bfc062723c751e8b465ee728b)
Start importing Assets/Propsets/Prefab/cylinder01 (10).prefab using Guid(e79eae891d9c6fc4e81fd4e3a49ae5c3) Importer(815301076,1909f56bfc062723c751e8b465ee728b)  -> (artifact id: '3c6cfea988aa0dae59bce02547972ab4') in 0.125070 seconds 
========================================================================
Received Import Request.
  Time since last request: 0.000104 seconds.
  path: Assets/Propsets/Prefab/container03_Red.prefab
  artifactKey: Guid(087279c3f78709f498839e2446d46ec2) Importer(815301076,1909f56bfc062723c751e8b465ee728b)
Start importing Assets/Propsets/Prefab/container03_Red.prefab using Guid(087279c3f78709f498839e2446d46ec2) Importer(815301076,1909f56bfc062723c751e8b465ee728b)  -> (artifact id: '7c5ce5341db7e9d1fb13f4cc5d7fa904') in 0.102388 seconds 
========================================================================
Received Import Request.
  Time since last request: 0.000045 seconds.
  path: Assets/Propsets/Prefab/cylinder01 (9).prefab
  artifactKey: Guid(a39c74eb5ce2ef84186e1521f46a494d) Importer(815301076,1909f56bfc062723c751e8b465ee728b)
Start importing Assets/Propsets/Prefab/cylinder01 (9).prefab using Guid(a39c74eb5ce2ef84186e1521f46a494d) Importer(815301076,1909f56bfc062723c751e8b465ee728b)  -> (artifact id: '939f9fc322b2bb38e8d3e037ef17ecf8') in 0.119556 seconds 
========================================================================
Received Import Request.
  Time since last request: 0.000093 seconds.
  path: Assets/Propsets/Prefab/container01_black.prefab
  artifactKey: Guid(b5991fb417f096c4cbf9a19ef19ff5d5) Importer(815301076,1909f56bfc062723c751e8b465ee728b)
Start importing Assets/Propsets/Prefab/container01_black.prefab using Guid(b5991fb417f096c4cbf9a19ef19ff5d5) Importer(815301076,1909f56bfc062723c751e8b465ee728b)  -> (artifact id: 'c5f7c9b0a8492cf811505687fca46d51') in 0.093684 seconds 
========================================================================
Received Import Request.
  Time since last request: 0.000201 seconds.
  path: Assets/Propsets/Prefab/cylinder01 (7).prefab
  artifactKey: Guid(44c5a5b885d1ffd48bd5658214ca529a) Importer(815301076,1909f56bfc062723c751e8b465ee728b)
Start importing Assets/Propsets/Prefab/cylinder01 (7).prefab using Guid(44c5a5b885d1ffd48bd5658214ca529a) Importer(815301076,1909f56bfc062723c751e8b465ee728b)  -> (artifact id: 'f50b8508de4f898bae99e9c57ba42f5d') in 0.118633 seconds 
Editor requested this worker to shutdown with reason: Scaling down because of idle timeout
AssetImportWorker is now disconnected from the server
Process exiting
Exiting without the bug reporter. Application will terminate with return code 0