Using pre-set license
Built from '2021.3/staging' branch; Version is '2021.3.1f1 (3b70a0754835) revision 3895456'; Using compiler version '192829333'; Build Type 'Release'
OS: 'Windows 11  (10.0.22000) 64bit Professional' Language: 'en' Physical Memory: 16298 MB
BatchMode: 1, IsHumanControllingUs: 0, StartBugReporterOnCrash: 0, Is64bit: 1, IsPro: 1

COMMAND LINE ARGUMENTS:
C:\Program Files\Unity\Hub\Editor\2021.3.1f1\Editor\Unity.exe
-adb2
-batchMode
-noUpm
-name
AssetImportWorker3
-projectPath
D:/worksapce/CognitiveBiasGame
-logFile
Logs/AssetImportWorker3.log
-srvPort
60913
Successfully changed project path to: D:/worksapce/CognitiveBiasGame
D:/worksapce/CognitiveBiasGame
[UnityMemory] Configuration Parameters - Can be set up in boot.config
    "memorysetup-bucket-allocator-granularity=16"
    "memorysetup-bucket-allocator-bucket-count=8"
    "memorysetup-bucket-allocator-block-size=33554432"
    "memorysetup-bucket-allocator-block-count=8"
    "memorysetup-main-allocator-block-size=16777216"
    "memorysetup-thread-allocator-block-size=16777216"
    "memorysetup-gfx-main-allocator-block-size=16777216"
    "memorysetup-gfx-thread-allocator-block-size=16777216"
    "memorysetup-cache-allocator-block-size=4194304"
    "memorysetup-typetree-allocator-block-size=2097152"
    "memorysetup-profiler-bucket-allocator-granularity=16"
    "memorysetup-profiler-bucket-allocator-bucket-count=8"
    "memorysetup-profiler-bucket-allocator-block-size=33554432"
    "memorysetup-profiler-bucket-allocator-block-count=8"
    "memorysetup-profiler-allocator-block-size=16777216"
    "memorysetup-profiler-editor-allocator-block-size=1048576"
    "memorysetup-temp-allocator-size-main=16777216"
    "memorysetup-job-temp-allocator-block-size=2097152"
    "memorysetup-job-temp-allocator-block-size-background=1048576"
    "memorysetup-job-temp-allocator-reduction-small-platforms=262144"
    "memorysetup-temp-allocator-size-background-worker=32768"
    "memorysetup-temp-allocator-size-job-worker=262144"
    "memorysetup-temp-allocator-size-preload-manager=33554432"
    "memorysetup-temp-allocator-size-nav-mesh-worker=65536"
    "memorysetup-temp-allocator-size-audio-worker=65536"
    "memorysetup-temp-allocator-size-cloud-worker=32768"
    "memorysetup-temp-allocator-size-gi-baking-worker=262144"
    "memorysetup-temp-allocator-size-gfx=262144"
Refreshing native plugins compatible for Editor in 90.17 ms, found 3 plugins.
Preloading 0 native plugins for Editor in 0.00 ms.
Initialize engine version: 2021.3.1f1 (3b70a0754835)
[Subsystems] Discovering subsystems at path C:/Program Files/Unity/Hub/Editor/2021.3.1f1/Editor/Data/Resources/UnitySubsystems
[Subsystems] Discovering subsystems at path D:/worksapce/CognitiveBiasGame/Assets
GfxDevice: creating device client; threaded=0; jobified=0
Direct3D:
    Version:  Direct3D 11.0 [level 11.1]
    Renderer: NVIDIA GeForce RTX 3080 (ID=0x2206)
    Vendor:   NVIDIA
    VRAM:     10078 MB
    Driver:   30.0.14.9649
Initialize mono
Mono path[0] = 'C:/Program Files/Unity/Hub/Editor/2021.3.1f1/Editor/Data/Managed'
Mono path[1] = 'C:/Program Files/Unity/Hub/Editor/2021.3.1f1/Editor/Data/MonoBleedingEdge/lib/mono/unityjit-win32'
Mono config path = 'C:/Program Files/Unity/Hub/Editor/2021.3.1f1/Editor/Data/MonoBleedingEdge/etc'
Using monoOptions --debugger-agent=transport=dt_socket,embedding=1,server=y,suspend=n,address=127.0.0.1:56108
Begin MonoManager ReloadAssembly
Registering precompiled unity dll's ...
Register platform support module: C:/Program Files/Unity/Hub/Editor/2021.3.1f1/Editor/Data/PlaybackEngines/WebGLSupport/UnityEditor.WebGL.Extensions.dll
Register platform support module: C:/Program Files/Unity/Hub/Editor/2021.3.1f1/Editor/Data/PlaybackEngines/WindowsStandaloneSupport/UnityEditor.WindowsStandalone.Extensions.dll
Registered in 0.004302 seconds.
Native extension for WindowsStandalone target not found
Native extension for WebGL target not found
Refreshing native plugins compatible for Editor in 75.26 ms, found 3 plugins.
Preloading 0 native plugins for Editor in 0.00 ms.
Mono: successfully reloaded assembly
- Completed reload, in  0.494 seconds
Domain Reload Profiling:
	ReloadAssembly (494ms)
		BeginReloadAssembly (52ms)
			ExecutionOrderSort (0ms)
			DisableScriptedObjects (0ms)
			BackupInstance (0ms)
			ReleaseScriptingObjects (0ms)
			CreateAndSetChildDomain (1ms)
		EndReloadAssembly (357ms)
			LoadAssemblies (50ms)
			RebuildTransferFunctionScriptingTraits (0ms)
			SetupTypeCache (77ms)
			ReleaseScriptCaches (0ms)
			RebuildScriptCaches (18ms)
			SetupLoadedEditorAssemblies (225ms)
				LogAssemblyErrors (0ms)
				InitializePlatformSupportModulesInManaged (6ms)
				SetLoadedEditorAssemblies (0ms)
				RefreshPlugins (75ms)
				BeforeProcessingInitializeOnLoad (1ms)
				ProcessInitializeOnLoadAttributes (107ms)
				ProcessInitializeOnLoadMethodAttributes (36ms)
				AfterProcessingInitializeOnLoad (0ms)
				EditorAssembliesLoaded (0ms)
			ExecutionOrderSort2 (0ms)
			AwakeInstancesAfterBackupRestoration (0ms)
Platform modules already initialized, skipping
Registering precompiled user dll's ...
Registered in 0.002644 seconds.
Begin MonoManager ReloadAssembly
Symbol file LoadedFromMemory doesn't match image D:\worksapce\CognitiveBiasGame\Library\PackageCache\com.unity.visualscripting@1.7.6\Editor\VisualScripting.Core\Dependencies\YamlDotNet\Unity.VisualScripting.YamlDotNet.dll
Symbol file LoadedFromMemory is not a mono symbol file
Symbol file LoadedFromMemory doesn't match image D:\worksapce\CognitiveBiasGame\Library\PackageCache\com.unity.visualscripting@1.7.6\Editor\VisualScripting.Core\Dependencies\DotNetZip\Unity.VisualScripting.IonicZip.dll
Native extension for WindowsStandalone target not found
Native extension for WebGL target not found
Refreshing native plugins compatible for Editor in 0.96 ms, found 3 plugins.
Preloading 0 native plugins for Editor in 0.00 ms.
Mono: successfully reloaded assembly
- Completed reload, in  0.770 seconds
Domain Reload Profiling:
	ReloadAssembly (770ms)
		BeginReloadAssembly (78ms)
			ExecutionOrderSort (0ms)
			DisableScriptedObjects (4ms)
			BackupInstance (0ms)
			ReleaseScriptingObjects (0ms)
			CreateAndSetChildDomain (16ms)
		EndReloadAssembly (609ms)
			LoadAssemblies (74ms)
			RebuildTransferFunctionScriptingTraits (0ms)
			SetupTypeCache (195ms)
			ReleaseScriptCaches (1ms)
			RebuildScriptCaches (38ms)
			SetupLoadedEditorAssemblies (272ms)
				LogAssemblyErrors (0ms)
				InitializePlatformSupportModulesInManaged (5ms)
				SetLoadedEditorAssemblies (0ms)
				RefreshPlugins (1ms)
				BeforeProcessingInitializeOnLoad (66ms)
				ProcessInitializeOnLoadAttributes (178ms)
				ProcessInitializeOnLoadMethodAttributes (16ms)
				AfterProcessingInitializeOnLoad (5ms)
				EditorAssembliesLoaded (0ms)
			ExecutionOrderSort2 (0ms)
			AwakeInstancesAfterBackupRestoration (4ms)
Platform modules already initialized, skipping
========================================================================
Worker process is ready to serve import requests
Launched and connected shader compiler UnityShaderCompiler.exe after 0.03 seconds
Refreshing native plugins compatible for Editor in 1.19 ms, found 3 plugins.
Preloading 0 native plugins for Editor in 0.00 ms.
Unloading 3789 Unused Serialized files (Serialized files now loaded: 0)
Unloading 26 unused Assets / (0.5 MB). Loaded Objects now: 4289.
Memory consumption went from 164.8 MB to 164.3 MB.
Total: 3.203900 ms (FindLiveObjects: 0.325600 ms CreateObjectMapping: 0.205200 ms MarkObjects: 2.380600 ms  DeleteObjects: 0.291600 ms)

AssetImportParameters requested are different than current active one (requested -> active):
  custom:video-decoder-ogg-theora: a1e56fd34408186e4bbccfd4996cb3dc -> 
  custom:container-muxer-webm: aa71ff27fc2769a1b78a27578f13a17b -> 
  custom:container-demuxer-webm: 4f35f7cbe854078d1ac9338744f61a02 -> 
  custom:video-encoder-webm-vp8: eb34c28f22e8b96e1ab97ce403110664 -> 
  custom:audio-encoder-webm-vorbis: bf7c407c2cedff20999df2af8eb42d56 -> 
  custom:framework-win-MediaFoundation: 216162199b28c13a410421893ffa2e32 -> 
  custom:container-demuxer-ogg: 62fdf1f143b41e24485cea50d1cbac27 -> 
  custom:video-decoder-webm-vp8: 9c59270c3fd7afecdb556c50c9e8de78 -> 
  custom:audio-decoder-ogg-vorbis: bf7c407c2cedff20999df2af8eb42d56 -> 
========================================================================
Received Prepare
Registering precompiled user dll's ...
Registered in 0.001791 seconds.
Begin MonoManager ReloadAssembly
Symbol file LoadedFromMemory doesn't match image D:\worksapce\CognitiveBiasGame\Library\PackageCache\com.unity.visualscripting@1.7.6\Editor\VisualScripting.Core\Dependencies\YamlDotNet\Unity.VisualScripting.YamlDotNet.dll
Symbol file LoadedFromMemory is not a mono symbol file
Symbol file LoadedFromMemory doesn't match image D:\worksapce\CognitiveBiasGame\Library\PackageCache\com.unity.visualscripting@1.7.6\Editor\VisualScripting.Core\Dependencies\DotNetZip\Unity.VisualScripting.IonicZip.dll
Native extension for WindowsStandalone target not found
Native extension for WebGL target not found
Refreshing native plugins compatible for Editor in 0.98 ms, found 3 plugins.
Preloading 0 native plugins for Editor in 0.00 ms.
Mono: successfully reloaded assembly
- Completed reload, in  0.762 seconds
Domain Reload Profiling:
	ReloadAssembly (763ms)
		BeginReloadAssembly (111ms)
			ExecutionOrderSort (0ms)
			DisableScriptedObjects (4ms)
			BackupInstance (0ms)
			ReleaseScriptingObjects (0ms)
			CreateAndSetChildDomain (32ms)
		EndReloadAssembly (587ms)
			LoadAssemblies (69ms)
			RebuildTransferFunctionScriptingTraits (0ms)
			SetupTypeCache (194ms)
			ReleaseScriptCaches (1ms)
			RebuildScriptCaches (27ms)
			SetupLoadedEditorAssemblies (271ms)
				LogAssemblyErrors (0ms)
				InitializePlatformSupportModulesInManaged (10ms)
				SetLoadedEditorAssemblies (0ms)
				RefreshPlugins (1ms)
				BeforeProcessingInitializeOnLoad (45ms)
				ProcessInitializeOnLoadAttributes (191ms)
				ProcessInitializeOnLoadMethodAttributes (18ms)
				AfterProcessingInitializeOnLoad (5ms)
				EditorAssembliesLoaded (0ms)
			ExecutionOrderSort2 (0ms)
			AwakeInstancesAfterBackupRestoration (5ms)
Platform modules already initialized, skipping
Refreshing native plugins compatible for Editor in 1.83 ms, found 3 plugins.
Preloading 0 native plugins for Editor in 0.00 ms.
Unloading 3733 Unused Serialized files (Serialized files now loaded: 0)
Unloading 19 unused Assets / (511.6 KB). Loaded Objects now: 4292.
Memory consumption went from 159.7 MB to 159.2 MB.
Total: 2.931600 ms (FindLiveObjects: 0.255300 ms CreateObjectMapping: 0.161900 ms MarkObjects: 2.199000 ms  DeleteObjects: 0.314500 ms)

AssetImportParameters requested are different than current active one (requested -> active):
  custom:video-decoder-ogg-theora: a1e56fd34408186e4bbccfd4996cb3dc -> 
  custom:container-muxer-webm: aa71ff27fc2769a1b78a27578f13a17b -> 
  custom:container-demuxer-webm: 4f35f7cbe854078d1ac9338744f61a02 -> 
  custom:video-encoder-webm-vp8: eb34c28f22e8b96e1ab97ce403110664 -> 
  custom:audio-encoder-webm-vorbis: bf7c407c2cedff20999df2af8eb42d56 -> 
  custom:framework-win-MediaFoundation: 216162199b28c13a410421893ffa2e32 -> 
  custom:container-demuxer-ogg: 62fdf1f143b41e24485cea50d1cbac27 -> 
  custom:video-decoder-webm-vp8: 9c59270c3fd7afecdb556c50c9e8de78 -> 
  custom:audio-decoder-ogg-vorbis: bf7c407c2cedff20999df2af8eb42d56 -> 
========================================================================
Received Import Request.
  Time since last request: 215283.458529 seconds.
  path: Assets/Propsets/Prefab/container01.prefab
  artifactKey: Guid(f2e9d8f7a1bee104a8c074b710bcc457) Importer(815301076,1909f56bfc062723c751e8b465ee728b)
Start importing Assets/Propsets/Prefab/container01.prefab using Guid(f2e9d8f7a1bee104a8c074b710bcc457) Importer(815301076,1909f56bfc062723c751e8b465ee728b)  -> (artifact id: 'f4648753f3cb9f2e70e7ca543b9d9145') in 1.246557 seconds 
========================================================================
Received Import Request.
  Time since last request: 0.000029 seconds.
  path: Assets/Propsets/Prefab/Cylinder04_Red.prefab
  artifactKey: Guid(b2aee2ba1da95b441a6613ba6f2d7673) Importer(815301076,1909f56bfc062723c751e8b465ee728b)
Start importing Assets/Propsets/Prefab/Cylinder04_Red.prefab using Guid(b2aee2ba1da95b441a6613ba6f2d7673) Importer(815301076,1909f56bfc062723c751e8b465ee728b)  -> (artifact id: '2f9dbbbdf1715fec00c88b4eaede5855') in 0.018933 seconds 
========================================================================
Received Import Request.
  Time since last request: 0.000094 seconds.
  path: Assets/Propsets/Prefab/Cylinder04_Blue.prefab
  artifactKey: Guid(25146b0a8a39f7840b87c347a34f5d72) Importer(815301076,1909f56bfc062723c751e8b465ee728b)
Start importing Assets/Propsets/Prefab/Cylinder04_Blue.prefab using Guid(25146b0a8a39f7840b87c347a34f5d72) Importer(815301076,1909f56bfc062723c751e8b465ee728b)  -> (artifact id: '265d5a344a38d63bf619a5f66f4823f2') in 0.152813 seconds 
========================================================================
Received Import Request.
  Time since last request: 0.000018 seconds.
  path: Assets/Propsets/Prefab/cylinder01 (1).prefab
  artifactKey: Guid(126aa3248e712c547a64ebee3194160c) Importer(815301076,1909f56bfc062723c751e8b465ee728b)
Start importing Assets/Propsets/Prefab/cylinder01 (1).prefab using Guid(126aa3248e712c547a64ebee3194160c) Importer(815301076,1909f56bfc062723c751e8b465ee728b)  -> (artifact id: 'c1cc84b2a9baa0192522f247702a07b6') in 0.262198 seconds 
========================================================================
Received Import Request.
  Time since last request: 0.000021 seconds.
  path: Assets/Propsets/Prefab/cylinder01 (8).prefab
  artifactKey: Guid(7b6be04358a76a5489aad025e458a798) Importer(815301076,1909f56bfc062723c751e8b465ee728b)
Start importing Assets/Propsets/Prefab/cylinder01 (8).prefab using Guid(7b6be04358a76a5489aad025e458a798) Importer(815301076,1909f56bfc062723c751e8b465ee728b)  -> (artifact id: '371931c8a2117d6b90326afc53ea243a') in 0.222617 seconds 
========================================================================
Received Import Request.
  Time since last request: 0.000023 seconds.
  path: Assets/Propsets/Prefab/container02_orange.prefab
  artifactKey: Guid(1a1a6de5c8617b8419d5f425a3cc3e40) Importer(815301076,1909f56bfc062723c751e8b465ee728b)
Start importing Assets/Propsets/Prefab/container02_orange.prefab using Guid(1a1a6de5c8617b8419d5f425a3cc3e40) Importer(815301076,1909f56bfc062723c751e8b465ee728b)  -> (artifact id: '0fcc59354894a3bb4a9635644ff79b24') in 0.639640 seconds 
========================================================================
Received Import Request.
  Time since last request: 0.000024 seconds.
  path: Assets/Propsets/Prefab/cylinder01 (5).prefab
  artifactKey: Guid(c360daf7d80c7d24f91b382923dd8383) Importer(815301076,1909f56bfc062723c751e8b465ee728b)
Start importing Assets/Propsets/Prefab/cylinder01 (5).prefab using Guid(c360daf7d80c7d24f91b382923dd8383) Importer(815301076,1909f56bfc062723c751e8b465ee728b)  -> (artifact id: '7bf7443296bea69ab123b1a439d9cabc') in 0.265878 seconds 
========================================================================
Received Import Request.
  Time since last request: 0.000029 seconds.
  path: Assets/Propsets/Prefab/cylinder01 (3).prefab
  artifactKey: Guid(29978677ec68e6049bf94234a397d385) Importer(815301076,1909f56bfc062723c751e8b465ee728b)
Start importing Assets/Propsets/Prefab/cylinder01 (3).prefab using Guid(29978677ec68e6049bf94234a397d385) Importer(815301076,1909f56bfc062723c751e8b465ee728b)  -> (artifact id: 'a83056305c081efab01b013646676ba9') in 0.192252 seconds 
========================================================================
Received Import Request.
  Time since last request: 0.000023 seconds.
  path: Assets/Propsets/Prefab/Container04_Black.prefab
  artifactKey: Guid(2cc65872c991a2e448d96b39858110cc) Importer(815301076,1909f56bfc062723c751e8b465ee728b)
Start importing Assets/Propsets/Prefab/Container04_Black.prefab using Guid(2cc65872c991a2e448d96b39858110cc) Importer(815301076,1909f56bfc062723c751e8b465ee728b)  -> (artifact id: '721078922256c289db1782181e6998c3') in 0.324691 seconds 
========================================================================
Received Import Request.
  Time since last request: 0.000020 seconds.
  path: Assets/Propsets/Prefab/cylinder01 (4).prefab
  artifactKey: Guid(c0a1b8b4d66a3d2428e15e8bf588bc4d) Importer(815301076,1909f56bfc062723c751e8b465ee728b)
Start importing Assets/Propsets/Prefab/cylinder01 (4).prefab using Guid(c0a1b8b4d66a3d2428e15e8bf588bc4d) Importer(815301076,1909f56bfc062723c751e8b465ee728b)  -> (artifact id: 'e839407e47f312314f27e425672d11a6') in 0.169157 seconds 
========================================================================
Received Import Request.
  Time since last request: 0.000029 seconds.
  path: Assets/Propsets/Prefab/container02_Black.prefab
  artifactKey: Guid(9d448e6a7e5926b48a8e0ed355024c84) Importer(815301076,1909f56bfc062723c751e8b465ee728b)
Start importing Assets/Propsets/Prefab/container02_Black.prefab using Guid(9d448e6a7e5926b48a8e0ed355024c84) Importer(815301076,1909f56bfc062723c751e8b465ee728b)  -> (artifact id: 'fc5780b3d85a527bb43649fde09b59f3') in 0.085281 seconds 
========================================================================
Received Import Request.
  Time since last request: 0.000022 seconds.
  path: Assets/Propsets/Prefab/cylinder01 (6).prefab
  artifactKey: Guid(bdece5c550a22854999391a113158fa3) Importer(815301076,1909f56bfc062723c751e8b465ee728b)
Start importing Assets/Propsets/Prefab/cylinder01 (6).prefab using Guid(bdece5c550a22854999391a113158fa3) Importer(815301076,1909f56bfc062723c751e8b465ee728b)  -> (artifact id: 'e69be60545348d5e2ae583e3fe2309dd') in 0.078936 seconds 
========================================================================
Received Import Request.
  Time since last request: 0.000020 seconds.
  path: Assets/Propsets/Prefab/cylinder01 (7).prefab
  artifactKey: Guid(44c5a5b885d1ffd48bd5658214ca529a) Importer(815301076,1909f56bfc062723c751e8b465ee728b)
Start importing Assets/Propsets/Prefab/cylinder01 (7).prefab using Guid(44c5a5b885d1ffd48bd5658214ca529a) Importer(815301076,1909f56bfc062723c751e8b465ee728b)  -> (artifact id: '4e6e320053a3fc3578a640de12ceda3e') in 0.139028 seconds 
Editor requested this worker to shutdown with reason: Scaling down because of idle timeout
AssetImportWorker is now disconnected from the server
Process exiting
Exiting without the bug reporter. Application will terminate with return code 0