Using pre-set license
Built from '2021.3/staging' branch; Version is '2021.3.1f1 (3b70a0754835) revision 3895456'; Using compiler version '192829333'; Build Type 'Release'
OS: 'Windows 11  (10.0.22000) 64bit Professional' Language: 'en' Physical Memory: 16298 MB
BatchMode: 1, IsHumanControllingUs: 0, StartBugReporterOnCrash: 0, Is64bit: 1, IsPro: 1

COMMAND LINE ARGUMENTS:
C:\Program Files\Unity\Hub\Editor\2021.3.1f1\Editor\Unity.exe
-adb2
-batchMode
-noUpm
-name
AssetImportWorker1
-projectPath
D:/worksapce/CognitiveBiasGame
-logFile
Logs/AssetImportWorker1.log
-srvPort
56501
Successfully changed project path to: D:/worksapce/CognitiveBiasGame
D:/worksapce/CognitiveBiasGame
[UnityMemory] Configuration Parameters - Can be set up in boot.config
    "memorysetup-bucket-allocator-granularity=16"
    "memorysetup-bucket-allocator-bucket-count=8"
    "memorysetup-bucket-allocator-block-size=33554432"
    "memorysetup-bucket-allocator-block-count=8"
    "memorysetup-main-allocator-block-size=16777216"
    "memorysetup-thread-allocator-block-size=16777216"
    "memorysetup-gfx-main-allocator-block-size=16777216"
    "memorysetup-gfx-thread-allocator-block-size=16777216"
    "memorysetup-cache-allocator-block-size=4194304"
    "memorysetup-typetree-allocator-block-size=2097152"
    "memorysetup-profiler-bucket-allocator-granularity=16"
    "memorysetup-profiler-bucket-allocator-bucket-count=8"
    "memorysetup-profiler-bucket-allocator-block-size=33554432"
    "memorysetup-profiler-bucket-allocator-block-count=8"
    "memorysetup-profiler-allocator-block-size=16777216"
    "memorysetup-profiler-editor-allocator-block-size=1048576"
    "memorysetup-temp-allocator-size-main=16777216"
    "memorysetup-job-temp-allocator-block-size=2097152"
    "memorysetup-job-temp-allocator-block-size-background=1048576"
    "memorysetup-job-temp-allocator-reduction-small-platforms=262144"
    "memorysetup-temp-allocator-size-background-worker=32768"
    "memorysetup-temp-allocator-size-job-worker=262144"
    "memorysetup-temp-allocator-size-preload-manager=33554432"
    "memorysetup-temp-allocator-size-nav-mesh-worker=65536"
    "memorysetup-temp-allocator-size-audio-worker=65536"
    "memorysetup-temp-allocator-size-cloud-worker=32768"
    "memorysetup-temp-allocator-size-gi-baking-worker=262144"
    "memorysetup-temp-allocator-size-gfx=262144"
Refreshing native plugins compatible for Editor in 81.80 ms, found 3 plugins.
Preloading 0 native plugins for Editor in 0.00 ms.
Initialize engine version: 2021.3.1f1 (3b70a0754835)
[Subsystems] Discovering subsystems at path C:/Program Files/Unity/Hub/Editor/2021.3.1f1/Editor/Data/Resources/UnitySubsystems
[Subsystems] Discovering subsystems at path D:/worksapce/CognitiveBiasGame/Assets
GfxDevice: creating device client; threaded=0; jobified=0
Direct3D:
    Version:  Direct3D 11.0 [level 11.1]
    Renderer: NVIDIA GeForce RTX 3080 (ID=0x2206)
    Vendor:   NVIDIA
    VRAM:     10078 MB
    Driver:   30.0.14.9649
Initialize mono
Mono path[0] = 'C:/Program Files/Unity/Hub/Editor/2021.3.1f1/Editor/Data/Managed'
Mono path[1] = 'C:/Program Files/Unity/Hub/Editor/2021.3.1f1/Editor/Data/MonoBleedingEdge/lib/mono/unityjit-win32'
Mono config path = 'C:/Program Files/Unity/Hub/Editor/2021.3.1f1/Editor/Data/MonoBleedingEdge/etc'
Using monoOptions --debugger-agent=transport=dt_socket,embedding=1,server=y,suspend=n,address=127.0.0.1:56884
Begin MonoManager ReloadAssembly
Registering precompiled unity dll's ...
Register platform support module: C:/Program Files/Unity/Hub/Editor/2021.3.1f1/Editor/Data/PlaybackEngines/WebGLSupport/UnityEditor.WebGL.Extensions.dll
Register platform support module: C:/Program Files/Unity/Hub/Editor/2021.3.1f1/Editor/Data/PlaybackEngines/WindowsStandaloneSupport/UnityEditor.WindowsStandalone.Extensions.dll
Registered in 0.004645 seconds.
Native extension for WindowsStandalone target not found
Native extension for WebGL target not found
Refreshing native plugins compatible for Editor in 74.79 ms, found 3 plugins.
Preloading 0 native plugins for Editor in 0.00 ms.
Mono: successfully reloaded assembly
- Completed reload, in  0.468 seconds
Domain Reload Profiling:
	ReloadAssembly (468ms)
		BeginReloadAssembly (54ms)
			ExecutionOrderSort (0ms)
			DisableScriptedObjects (0ms)
			BackupInstance (0ms)
			ReleaseScriptingObjects (0ms)
			CreateAndSetChildDomain (1ms)
		EndReloadAssembly (338ms)
			LoadAssemblies (52ms)
			RebuildTransferFunctionScriptingTraits (0ms)
			SetupTypeCache (68ms)
			ReleaseScriptCaches (0ms)
			RebuildScriptCaches (18ms)
			SetupLoadedEditorAssemblies (217ms)
				LogAssemblyErrors (0ms)
				InitializePlatformSupportModulesInManaged (6ms)
				SetLoadedEditorAssemblies (0ms)
				RefreshPlugins (75ms)
				BeforeProcessingInitializeOnLoad (1ms)
				ProcessInitializeOnLoadAttributes (104ms)
				ProcessInitializeOnLoadMethodAttributes (31ms)
				AfterProcessingInitializeOnLoad (0ms)
				EditorAssembliesLoaded (0ms)
			ExecutionOrderSort2 (0ms)
			AwakeInstancesAfterBackupRestoration (0ms)
Platform modules already initialized, skipping
Registering precompiled user dll's ...
Registered in 0.002147 seconds.
Begin MonoManager ReloadAssembly
Symbol file LoadedFromMemory doesn't match image D:\worksapce\CognitiveBiasGame\Library\PackageCache\com.unity.visualscripting@1.7.6\Editor\VisualScripting.Core\Dependencies\YamlDotNet\Unity.VisualScripting.YamlDotNet.dll
Symbol file LoadedFromMemory is not a mono symbol file
Symbol file LoadedFromMemory doesn't match image D:\worksapce\CognitiveBiasGame\Library\PackageCache\com.unity.visualscripting@1.7.6\Editor\VisualScripting.Core\Dependencies\DotNetZip\Unity.VisualScripting.IonicZip.dll
Native extension for WindowsStandalone target not found
Native extension for WebGL target not found
Refreshing native plugins compatible for Editor in 0.91 ms, found 3 plugins.
Preloading 0 native plugins for Editor in 0.00 ms.
Mono: successfully reloaded assembly
- Completed reload, in  0.754 seconds
Domain Reload Profiling:
	ReloadAssembly (754ms)
		BeginReloadAssembly (83ms)
			ExecutionOrderSort (0ms)
			DisableScriptedObjects (4ms)
			BackupInstance (0ms)
			ReleaseScriptingObjects (0ms)
			CreateAndSetChildDomain (17ms)
		EndReloadAssembly (588ms)
			LoadAssemblies (71ms)
			RebuildTransferFunctionScriptingTraits (0ms)
			SetupTypeCache (178ms)
			ReleaseScriptCaches (1ms)
			RebuildScriptCaches (41ms)
			SetupLoadedEditorAssemblies (270ms)
				LogAssemblyErrors (0ms)
				InitializePlatformSupportModulesInManaged (4ms)
				SetLoadedEditorAssemblies (0ms)
				RefreshPlugins (1ms)
				BeforeProcessingInitializeOnLoad (62ms)
				ProcessInitializeOnLoadAttributes (181ms)
				ProcessInitializeOnLoadMethodAttributes (16ms)
				AfterProcessingInitializeOnLoad (4ms)
				EditorAssembliesLoaded (0ms)
			ExecutionOrderSort2 (0ms)
			AwakeInstancesAfterBackupRestoration (4ms)
Platform modules already initialized, skipping
========================================================================
Worker process is ready to serve import requests
Launched and connected shader compiler UnityShaderCompiler.exe after 0.03 seconds
Refreshing native plugins compatible for Editor in 0.96 ms, found 3 plugins.
Preloading 0 native plugins for Editor in 0.00 ms.
Unloading 3789 Unused Serialized files (Serialized files now loaded: 0)
Unloading 26 unused Assets / (0.5 MB). Loaded Objects now: 4289.
Memory consumption went from 164.8 MB to 164.3 MB.
Total: 3.248400 ms (FindLiveObjects: 0.395500 ms CreateObjectMapping: 0.216200 ms MarkObjects: 2.385000 ms  DeleteObjects: 0.250800 ms)

AssetImportParameters requested are different than current active one (requested -> active):
  custom:video-decoder-ogg-theora: a1e56fd34408186e4bbccfd4996cb3dc -> 
  custom:container-muxer-webm: aa71ff27fc2769a1b78a27578f13a17b -> 
  custom:container-demuxer-webm: 4f35f7cbe854078d1ac9338744f61a02 -> 
  custom:video-encoder-webm-vp8: eb34c28f22e8b96e1ab97ce403110664 -> 
  custom:audio-encoder-webm-vorbis: bf7c407c2cedff20999df2af8eb42d56 -> 
  custom:framework-win-MediaFoundation: 216162199b28c13a410421893ffa2e32 -> 
  custom:container-demuxer-ogg: 62fdf1f143b41e24485cea50d1cbac27 -> 
  custom:video-decoder-webm-vp8: 9c59270c3fd7afecdb556c50c9e8de78 -> 
  custom:audio-decoder-ogg-vorbis: bf7c407c2cedff20999df2af8eb42d56 -> 
========================================================================
Received Import Request.
  Time since last request: 35624.409919 seconds.
  path: Assets/Scenes/Level2 V2/Lightmap-0_comp_dir.png
  artifactKey: Guid(8ba86b85ba6c0a54d843482d8758fbbd) Importer(815301076,1909f56bfc062723c751e8b465ee728b)
Start importing Assets/Scenes/Level2 V2/Lightmap-0_comp_dir.png using Guid(8ba86b85ba6c0a54d843482d8758fbbd) Importer(815301076,1909f56bfc062723c751e8b465ee728b)  -> (artifact id: 'b78d31239681224cd3e227ed771834a0') in 0.074301 seconds 
========================================================================
Received Import Request.
  Time since last request: 0.000018 seconds.
  path: Assets/Scenes/Level2 V2/Lightmap-15_comp_dir.png
  artifactKey: Guid(ad6af510ae9edfa49bcc535ebaa16206) Importer(815301076,1909f56bfc062723c751e8b465ee728b)
Start importing Assets/Scenes/Level2 V2/Lightmap-15_comp_dir.png using Guid(ad6af510ae9edfa49bcc535ebaa16206) Importer(815301076,1909f56bfc062723c751e8b465ee728b)  -> (artifact id: '8238047fafce488e272dc257e63108ed') in 0.030395 seconds 
========================================================================
Received Import Request.
  Time since last request: 0.000024 seconds.
  path: Assets/Scenes/Level2 V2/Lightmap-6_comp_dir.png
  artifactKey: Guid(9bc37d820dba2374ca62e5e4a15fcfff) Importer(815301076,1909f56bfc062723c751e8b465ee728b)
Start importing Assets/Scenes/Level2 V2/Lightmap-6_comp_dir.png using Guid(9bc37d820dba2374ca62e5e4a15fcfff) Importer(815301076,1909f56bfc062723c751e8b465ee728b)  -> (artifact id: 'f93c7f744b8d752982de5c448165af35') in 0.014474 seconds 
========================================================================
Received Import Request.
  Time since last request: 0.000017 seconds.
  path: Assets/Scenes/Level2 V2/Lightmap-24_comp_light.exr
  artifactKey: Guid(b23bfbe95d4c2df45a745f458f8c0ad8) Importer(815301076,1909f56bfc062723c751e8b465ee728b)
Start importing Assets/Scenes/Level2 V2/Lightmap-24_comp_light.exr using Guid(b23bfbe95d4c2df45a745f458f8c0ad8) Importer(815301076,1909f56bfc062723c751e8b465ee728b)  -> (artifact id: '2159f6c3cc7db3a2a9fbb40db38750db') in 0.068955 seconds 
========================================================================
Received Import Request.
  Time since last request: 0.000021 seconds.
  path: Assets/Scenes/Level2 V2/ReflectionProbe-0.exr
  artifactKey: Guid(c9f9f556931f6f748b057fb32ae08d83) Importer(815301076,1909f56bfc062723c751e8b465ee728b)
Start importing Assets/Scenes/Level2 V2/ReflectionProbe-0.exr using Guid(c9f9f556931f6f748b057fb32ae08d83) Importer(815301076,1909f56bfc062723c751e8b465ee728b)  -> (artifact id: '12cc37150283ae9621d4df533083cc8b') in 0.061392 seconds 
========================================================================
Received Import Request.
  Time since last request: 0.000015 seconds.
  path: Assets/Scenes/Level2 V2/Lightmap-15_comp_light.exr
  artifactKey: Guid(6c729de89477a7b43940d2cf0bed3d5f) Importer(815301076,1909f56bfc062723c751e8b465ee728b)
Start importing Assets/Scenes/Level2 V2/Lightmap-15_comp_light.exr using Guid(6c729de89477a7b43940d2cf0bed3d5f) Importer(815301076,1909f56bfc062723c751e8b465ee728b)  -> (artifact id: 'c549e4051669b9eea25fe4b320480fef') in 0.019460 seconds 
========================================================================
Received Import Request.
  Time since last request: 0.000018 seconds.
  path: Assets/Scenes/Level2 V2/Lightmap-1_comp_dir.png
  artifactKey: Guid(d3e1eada44613e645a139d512097f12f) Importer(815301076,1909f56bfc062723c751e8b465ee728b)
Start importing Assets/Scenes/Level2 V2/Lightmap-1_comp_dir.png using Guid(d3e1eada44613e645a139d512097f12f) Importer(815301076,1909f56bfc062723c751e8b465ee728b)  -> (artifact id: 'c2b3003ea253ed26369515f15a5d46c3') in 0.009576 seconds 
========================================================================
Received Import Request.
  Time since last request: 0.000014 seconds.
  path: Assets/Scenes/Level2 V2/Lightmap-14_comp_dir.png
  artifactKey: Guid(354e7b2bbdd756b4db9a265c5af6d2a9) Importer(815301076,1909f56bfc062723c751e8b465ee728b)
Start importing Assets/Scenes/Level2 V2/Lightmap-14_comp_dir.png using Guid(354e7b2bbdd756b4db9a265c5af6d2a9) Importer(815301076,1909f56bfc062723c751e8b465ee728b)  -> (artifact id: 'fae6eac7f8c69d5639907c74cc74e973') in 0.016581 seconds 
========================================================================
Received Import Request.
  Time since last request: 0.000028 seconds.
  path: Assets/Scenes/Level2 V2/Lightmap-23_comp_dir.png
  artifactKey: Guid(71a667c608a751a469244fc719be1a4c) Importer(815301076,1909f56bfc062723c751e8b465ee728b)
Start importing Assets/Scenes/Level2 V2/Lightmap-23_comp_dir.png using Guid(71a667c608a751a469244fc719be1a4c) Importer(815301076,1909f56bfc062723c751e8b465ee728b)  -> (artifact id: 'b523a0808f3252d966b88ff11f0ccdd5') in 0.010865 seconds 
========================================================================
Received Import Request.
  Time since last request: 0.000168 seconds.
  path: Assets/Scenes/Level2 V2/Lightmap-10_comp_dir.png
  artifactKey: Guid(276d3287c93c5cd42ba62893f353c4cd) Importer(815301076,1909f56bfc062723c751e8b465ee728b)
Start importing Assets/Scenes/Level2 V2/Lightmap-10_comp_dir.png using Guid(276d3287c93c5cd42ba62893f353c4cd) Importer(815301076,1909f56bfc062723c751e8b465ee728b)  -> (artifact id: 'b472b2d1727cecd28c506740f9492e1b') in 0.012018 seconds 
========================================================================
Received Import Request.
  Time since last request: 0.000020 seconds.
  path: Assets/Scenes/Level2 V2/Lightmap-5_comp_light.exr
  artifactKey: Guid(49bfa01d34bca344b9c8cae39c1d8631) Importer(815301076,1909f56bfc062723c751e8b465ee728b)
Start importing Assets/Scenes/Level2 V2/Lightmap-5_comp_light.exr using Guid(49bfa01d34bca344b9c8cae39c1d8631) Importer(815301076,1909f56bfc062723c751e8b465ee728b)  -> (artifact id: '94aa1791de608ceac59f5cedd0591893') in 0.012770 seconds 
========================================================================
Received Import Request.
  Time since last request: 0.000018 seconds.
  path: Assets/Scenes/Level2 V2/Lightmap-13_comp_dir.png
  artifactKey: Guid(3e6d1234784f8ef4ca3200ca77801858) Importer(815301076,1909f56bfc062723c751e8b465ee728b)
Start importing Assets/Scenes/Level2 V2/Lightmap-13_comp_dir.png using Guid(3e6d1234784f8ef4ca3200ca77801858) Importer(815301076,1909f56bfc062723c751e8b465ee728b)  -> (artifact id: '3822ff678b730a2a1da478cf3ea266ef') in 0.010802 seconds 
========================================================================
Received Import Request.
  Time since last request: 0.000023 seconds.
  path: Assets/Scenes/Level2 V2/Lightmap-4_comp_light.exr
  artifactKey: Guid(2034e697cca0a964ba03865e8a218fe7) Importer(815301076,1909f56bfc062723c751e8b465ee728b)
Start importing Assets/Scenes/Level2 V2/Lightmap-4_comp_light.exr using Guid(2034e697cca0a964ba03865e8a218fe7) Importer(815301076,1909f56bfc062723c751e8b465ee728b)  -> (artifact id: '271fcdc4ad8be8a1ef0f9b9018f129a6') in 0.016454 seconds 
========================================================================
Received Import Request.
  Time since last request: 0.000025 seconds.
  path: Assets/Scenes/Level2 V2/Lightmap-17_comp_light.exr
  artifactKey: Guid(48d42bea0a99b5743992a1510e16766c) Importer(815301076,1909f56bfc062723c751e8b465ee728b)
Start importing Assets/Scenes/Level2 V2/Lightmap-17_comp_light.exr using Guid(48d42bea0a99b5743992a1510e16766c) Importer(815301076,1909f56bfc062723c751e8b465ee728b)  -> (artifact id: '2781d4508dbe896c991d34e6195fbc59') in 0.013849 seconds 
========================================================================
Received Import Request.
  Time since last request: 0.000023 seconds.
  path: Assets/Scenes/Level2 V2/Lightmap-11_comp_light.exr
  artifactKey: Guid(b403fd3c6deeca04082d04863ac30af5) Importer(815301076,1909f56bfc062723c751e8b465ee728b)
Start importing Assets/Scenes/Level2 V2/Lightmap-11_comp_light.exr using Guid(b403fd3c6deeca04082d04863ac30af5) Importer(815301076,1909f56bfc062723c751e8b465ee728b)  -> (artifact id: '031f4a4b9f304fda4a3af956f8978aaa') in 0.012872 seconds 
========================================================================
Received Import Request.
  Time since last request: 0.000022 seconds.
  path: Assets/Scenes/Level2 V2/Lightmap-8_comp_light.exr
  artifactKey: Guid(662e6048a67b38a4d89dcb810affde0d) Importer(815301076,1909f56bfc062723c751e8b465ee728b)
Start importing Assets/Scenes/Level2 V2/Lightmap-8_comp_light.exr using Guid(662e6048a67b38a4d89dcb810affde0d) Importer(815301076,1909f56bfc062723c751e8b465ee728b)  -> (artifact id: 'ff2d3744b083b5b90a3f5b433d411cd3') in 0.012925 seconds 
========================================================================
Received Import Request.
  Time since last request: 0.000031 seconds.
  path: Assets/Scenes/Level2 V2/Lightmap-20_comp_dir.png
  artifactKey: Guid(3f84f17fffcad7142b8334767fa9c702) Importer(815301076,1909f56bfc062723c751e8b465ee728b)
Start importing Assets/Scenes/Level2 V2/Lightmap-20_comp_dir.png using Guid(3f84f17fffcad7142b8334767fa9c702) Importer(815301076,1909f56bfc062723c751e8b465ee728b)  -> (artifact id: '6ed9f8435cfcb6b7936668fa6739f925') in 0.012017 seconds 
========================================================================
Received Import Request.
  Time since last request: 0.000025 seconds.
  path: Assets/Scenes/Level2 V2/Lightmap-21_comp_dir.png
  artifactKey: Guid(2d365cdb11bc5a641b7c03cc68515a8c) Importer(815301076,1909f56bfc062723c751e8b465ee728b)
Start importing Assets/Scenes/Level2 V2/Lightmap-21_comp_dir.png using Guid(2d365cdb11bc5a641b7c03cc68515a8c) Importer(815301076,1909f56bfc062723c751e8b465ee728b)  -> (artifact id: '78c5fb8094b817c71a5be923c292d7c2') in 0.012126 seconds 
========================================================================
Received Import Request.
  Time since last request: 0.000018 seconds.
  path: Assets/Scenes/Level2 V2/Lightmap-26_comp_light.exr
  artifactKey: Guid(156df38921731d141b36a32096454104) Importer(815301076,1909f56bfc062723c751e8b465ee728b)
Start importing Assets/Scenes/Level2 V2/Lightmap-26_comp_light.exr using Guid(156df38921731d141b36a32096454104) Importer(815301076,1909f56bfc062723c751e8b465ee728b)  -> (artifact id: '6b57b944bb09db278546233deefd658a') in 0.010836 seconds 
========================================================================
Received Import Request.
  Time since last request: 0.000028 seconds.
  path: Assets/Scenes/Level2 V2/Lightmap-7_comp_dir.png
  artifactKey: Guid(f8c2a63768a82d34d83852126bb7fb4c) Importer(815301076,1909f56bfc062723c751e8b465ee728b)
Start importing Assets/Scenes/Level2 V2/Lightmap-7_comp_dir.png using Guid(f8c2a63768a82d34d83852126bb7fb4c) Importer(815301076,1909f56bfc062723c751e8b465ee728b)  -> (artifact id: 'd3704d80979112e1e2e4ae6f24de967a') in 0.012971 seconds 
========================================================================
Received Import Request.
  Time since last request: 0.000022 seconds.
  path: Assets/Scenes/Level2 V2/Lightmap-0_comp_light.exr
  artifactKey: Guid(fdffb745873d38a4f9bf0ea6382013a7) Importer(815301076,1909f56bfc062723c751e8b465ee728b)
Start importing Assets/Scenes/Level2 V2/Lightmap-0_comp_light.exr using Guid(fdffb745873d38a4f9bf0ea6382013a7) Importer(815301076,1909f56bfc062723c751e8b465ee728b)  -> (artifact id: '5200d3702495db63e6d9cd8833aa220b') in 0.012798 seconds 
========================================================================
Received Import Request.
  Time since last request: 0.000030 seconds.
  path: Assets/Scenes/Level2 V2/Lightmap-7_comp_light.exr
  artifactKey: Guid(f59e30d8e27843e458d34966c69b9b2c) Importer(815301076,1909f56bfc062723c751e8b465ee728b)
Start importing Assets/Scenes/Level2 V2/Lightmap-7_comp_light.exr using Guid(f59e30d8e27843e458d34966c69b9b2c) Importer(815301076,1909f56bfc062723c751e8b465ee728b)  -> (artifact id: 'a2eac842c2ecdf57eff948db713da5b3') in 0.010623 seconds 
========================================================================
Received Import Request.
  Time since last request: 0.000017 seconds.
  path: Assets/Scenes/Level2 V2/Lightmap-12_comp_light.exr
  artifactKey: Guid(b3dfec0d3ccfe5647bb02fae093769b0) Importer(815301076,1909f56bfc062723c751e8b465ee728b)
Start importing Assets/Scenes/Level2 V2/Lightmap-12_comp_light.exr using Guid(b3dfec0d3ccfe5647bb02fae093769b0) Importer(815301076,1909f56bfc062723c751e8b465ee728b)  -> (artifact id: 'a60fb83ab638d074f7f3d6a21e43cf7c') in 0.010924 seconds 
========================================================================
Received Import Request.
  Time since last request: 0.000032 seconds.
  path: Assets/Scenes/Level2 V2/Lightmap-10_comp_light.exr
  artifactKey: Guid(e0e6295472813aa42873c22a41e23fdc) Importer(815301076,1909f56bfc062723c751e8b465ee728b)
Start importing Assets/Scenes/Level2 V2/Lightmap-10_comp_light.exr using Guid(e0e6295472813aa42873c22a41e23fdc) Importer(815301076,1909f56bfc062723c751e8b465ee728b)  -> (artifact id: 'f0215c6f27d0a0bc33f0c4f25890f223') in 0.012638 seconds 
========================================================================
Received Import Request.
  Time since last request: 0.000018 seconds.
  path: Assets/Scenes/Level2 V2/Lightmap-22_comp_dir.png
  artifactKey: Guid(1bd794203fd817e42a8cdaabaaaa4022) Importer(815301076,1909f56bfc062723c751e8b465ee728b)
Start importing Assets/Scenes/Level2 V2/Lightmap-22_comp_dir.png using Guid(1bd794203fd817e42a8cdaabaaaa4022) Importer(815301076,1909f56bfc062723c751e8b465ee728b)  -> (artifact id: '31d283b2f51abd137c254a8ad0276bc4') in 0.014862 seconds 
========================================================================
Received Import Request.
  Time since last request: 0.000024 seconds.
  path: Assets/Scenes/Level2 V2/Lightmap-9_comp_light.exr
  artifactKey: Guid(ca4840d9e795dc04da729671c8ae9e96) Importer(815301076,1909f56bfc062723c751e8b465ee728b)
Start importing Assets/Scenes/Level2 V2/Lightmap-9_comp_light.exr using Guid(ca4840d9e795dc04da729671c8ae9e96) Importer(815301076,1909f56bfc062723c751e8b465ee728b)  -> (artifact id: 'cab337e2f26c34721e108977bf6d5d3f') in 0.013440 seconds 
========================================================================
Received Import Request.
  Time since last request: 0.000022 seconds.
  path: Assets/Scenes/Level2 V2/Lightmap-25_comp_dir.png
  artifactKey: Guid(92b98ac3a4d2d1347baf6d149b917dcb) Importer(815301076,1909f56bfc062723c751e8b465ee728b)
Start importing Assets/Scenes/Level2 V2/Lightmap-25_comp_dir.png using Guid(92b98ac3a4d2d1347baf6d149b917dcb) Importer(815301076,1909f56bfc062723c751e8b465ee728b)  -> (artifact id: '44e86140f8c61e297ff8039ea5055592') in 0.010715 seconds 
========================================================================
Received Import Request.
  Time since last request: 0.000025 seconds.
  path: Assets/Scenes/Level2 V2/Lightmap-18_comp_light.exr
  artifactKey: Guid(145f3db2129940840a0bf44a61d35e52) Importer(815301076,1909f56bfc062723c751e8b465ee728b)
Start importing Assets/Scenes/Level2 V2/Lightmap-18_comp_light.exr using Guid(145f3db2129940840a0bf44a61d35e52) Importer(815301076,1909f56bfc062723c751e8b465ee728b)  -> (artifact id: 'f42d265ad900e511de374b363edd4208') in 0.011371 seconds 
Editor requested this worker to shutdown with reason: Scaling down because of idle timeout
AssetImportWorker is now disconnected from the server
Process exiting
Exiting without the bug reporter. Application will terminate with return code 0